#
# A fatal error has been detected by the Java Runtime Environment:
#
#  SIGSEGV (0xb) at pc=0x00007fdfe9702495, pid=29369, tid=29388
#
# JRE version: OpenJDK Runtime Environment (11.0.9.1+1) (build 11.0.9.1+1-Ubuntu-0ubuntu1.20.04)
# Java VM: OpenJDK 64-Bit Server VM (11.0.9.1+1-Ubuntu-0ubuntu1.20.04, mixed mode, sharing, tiered, compressed oops, g1 gc, linux-amd64)
# Problematic frame:
# V  [libjvm.so+0x828495]
#
# Core dump will be written. Default location: Core dumps may be processed with "/usr/share/apport/apport %p %s %c %d %P %E" (or dumping to /home/lasmatriani/Documents/mini-project/custom/training/trainingstorefront/web/webroot/WEB-INF/_ui-src/responsive/themes/core.29369)
#
# If you would like to submit a bug report, please visit:
#   https://bugs.launchpad.net/ubuntu/+source/openjdk-lts
#

---------------  S U M M A R Y ------------

Command Line: /home/lasmatriani/Documents/mini-project/custom/training/trainingstorefront/web/webroot/WEB-INF/lib/rhino-1.7.7.jar -f /home/lasmatriani/Documents/mini-project/custom/training/trainingstorefront/web/webroot/WEB-INF/lib/less-rhino-1.7.3.js /home/lasmatriani/Documents/mini-project/custom/training/trainingstorefront/web/webroot/WEB-INF/lib/lessc-rhino-1.7.3.js /home/lasmatriani/Documents/mini-project/custom/training/trainingstorefront/web/webroot/WEB-INF/_ui-src/responsive/themes/lambda/less/style.less /home/lasmatriani/Documents/mini-project/custom/training/trainingstorefront/web/webroot/_ui/responsive/theme-lambda/css/style.css

Host: Intel(R) Core(TM) i5-4210U CPU @ 1.70GHz, 4 cores, 7G, Ubuntu 20.04.1 LTS
Time: Mon Nov 23 23:14:58 2020 WITA elapsed time: 13.860775 seconds (0d 0h 0m 13s)

---------------  T H R E A D  ---------------

Current thread (0x00007fdf94306800):  JavaThread "C2 CompilerThread1" daemon [_thread_in_native, id=29388, stack(0x00007fdfc0055000,0x00007fdfc0156000)]


Current CompileTask:
C2:  13860 2312   !   4       org.mozilla.javascript.gen._home_lasmatriani_Documents_mini_project_custom_training_trainingstorefront_web_webroot_WEB_INF_lib_less_rhino_1_7_3_js_1::_c_anonymous_418 (550 bytes)

Stack: [0x00007fdfc0055000,0x00007fdfc0156000],  sp=0x00007fdfc0151450,  free space=1009k
Native frames: (J=compiled Java code, A=aot compiled Java code, j=interpreted, Vv=VM code, C=native code)
V  [libjvm.so+0x828495]
V  [libjvm.so+0x5573a4]
V  [libjvm.so+0x5586ff]
V  [libjvm.so+0x60ad25]
V  [libjvm.so+0x60e8f7]
V  [libjvm.so+0x53598f]
V  [libjvm.so+0x617261]
V  [libjvm.so+0x618438]
V  [libjvm.so+0xe17ccf]
V  [libjvm.so+0xe14330]
V  [libjvm.so+0xbd26e6]


siginfo: si_signo: 11 (SIGSEGV), si_code: 128 (SI_KERNEL), si_addr: 0x0000000000000000

Register to memory mapping:

RAX=0x00007fdfa1030400 points into unknown readable memory: 20 05 03 a1 df 7f 00 00
RBX=0x00007fdfa10303c0 points into unknown readable memory: 00 00 00 00 00 00 00 00
RCX=0x00007fdfc0151560 is pointing into the stack for thread: 0x00007fdf94306800
RDX=0x00007fdf94307b80 points into unknown readable memory: 02 00 00 00 00 00 00 00
RSP=0x00007fdfc0151450 is pointing into the stack for thread: 0x00007fdf94306800
RBP=0x00007fdfc01514a0 is pointing into the stack for thread: 0x00007fdf94306800
RSI=0x00007fdf88e655d0 points into unknown readable memory: 26 00 00 00 00 00 80 bf
RDI=0x00007fdfea0e6fb8: <offset 0x000000000120cfb8> in /usr/lib/jvm/java-11-openjdk-amd64/lib/server/libjvm.so at 0x00007fdfe8eda000
R8 =0x00007fdf88e655d0 points into unknown readable memory: 26 00 00 00 00 00 80 bf
R9 =0x00007fdfea136660: <offset 0x000000000125c660> in /usr/lib/jvm/java-11-openjdk-amd64/lib/server/libjvm.so at 0x00007fdfe8eda000
R10=0x00007fdfc0153f50 is pointing into the stack for thread: 0x00007fdf94306800
R11=0x0 is NULL
R12=0x0000000000000004 is an unknown value
R13=0x08007fdfea136660 is an unknown value
R14=0x00007fdfc0151550 is pointing into the stack for thread: 0x00007fdf94306800
R15=0x0000000000000003 is an unknown value


Registers:
RAX=0x00007fdfa1030400, RBX=0x00007fdfa10303c0, RCX=0x00007fdfc0151560, RDX=0x00007fdf94307b80
RSP=0x00007fdfc0151450, RBP=0x00007fdfc01514a0, RSI=0x00007fdf88e655d0, RDI=0x00007fdfea0e6fb8
R8 =0x00007fdf88e655d0, R9 =0x00007fdfea136660, R10=0x00007fdfc0153f50, R11=0x0000000000000000
R12=0x0000000000000004, R13=0x08007fdfea136660, R14=0x00007fdfc0151550, R15=0x0000000000000003
RIP=0x00007fdfe9702495, EFLAGS=0x0000000000010202, CSGSFS=0x002b000000000033, ERR=0x0000000000000000
  TRAPNO=0x000000000000000d

Top of Stack: (sp=0x00007fdfc0151450)
0x00007fdfc0151450:   00007fdf88000b98 00007fdfe9702b32
0x00007fdfc0151460:   00007fdf8806be90 00007fdf88e655d0
0x00007fdfc0151470:   00007fdfc01514a0 00007fdfea136660
0x00007fdfc0151480:   0000000000000007 00007fdf941e93b0 

Instructions: (pc=0x00007fdfe9702495)
0x00007fdfe9702395:   00 66 66 48 e8 62 11 a5 ff 48 8d 0d bb 42 a3 00
0x00007fdfe97023a5:   48 8b 10 48 8b 92 e8 04 00 00 48 8b 92 88 00 00
0x00007fdfe97023b5:   00 48 8b 92 88 08 00 00 49 89 55 00 48 8b 00 48
0x00007fdfe97023c5:   8b 80 e8 04 00 00 48 8b 80 88 00 00 00 4c 89 a8
0x00007fdfe97023d5:   88 08 00 00 49 8b 44 24 08 48 89 0c d8 48 83 c4
0x00007fdfe97023e5:   08 5b 41 5c 41 5d 5d c3 90 66 90 f3 0f 1e fa 55
0x00007fdfe97023f5:   49 89 f0 48 89 e5 41 57 41 56 49 89 fe 41 55 41
0x00007fdfe9702405:   54 53 48 83 ec 28 8b 06 8b 9e 90 00 00 00 89 07
0x00007fdfe9702415:   89 9f 90 00 00 00 83 fb 10 0f 87 94 01 00 00 48
0x00007fdfe9702425:   8d 47 10 48 89 47 08 45 31 e4 4c 8d 0d 2a 42 a3
0x00007fdfe9702435:   00 85 db 75 7f e9 a3 00 00 00 90 4c 89 45 c8 66
0x00007fdfe9702445:   48 8d 3d 6c 4b 9e 00 66 66 48 e8 ac 10 a5 ff 4c
0x00007fdfe9702455:   8b 45 c8 4c 8d 0d 01 42 a3 00 48 8b 00 48 8b 80
0x00007fdfe9702465:   e8 04 00 00 4c 8b 90 88 00 00 00 49 8b 9a 88 08
0x00007fdfe9702475:   00 00 48 85 db 74 7c 48 8b 03 66 0f ef c0 41 83
0x00007fdfe9702485:   c4 01 49 89 82 88 08 00 00 0f 11 03 0f 11 43 10
0x00007fdfe9702495:   f3 41 0f 6f 4d 00 0f 11 0b f3 41 0f 6f 55 10 0f
0x00007fdfe97024a5:   11 53 10 49 8b 46 08 4a 89 1c f8 45 39 a6 90 00
0x00007fdfe97024b5:   00 00 76 29 49 8b 40 08 45 89 e7 4e 8b 2c f8 4d
0x00007fdfe97024c5:   39 cd 0f 85 73 ff ff ff 49 8b 46 08 41 83 c4 01
0x00007fdfe97024d5:   4e 89 0c f8 45 39 a6 90 00 00 00 77 d7 48 83 c4
0x00007fdfe97024e5:   28 5b 41 5c 41 5d 41 5e 41 5f 5d c3 0f 1f 80 00
0x00007fdfe97024f5:   00 00 00 49 8b ba 80 08 00 00 48 8b 47 18 48 3d
0x00007fdfe9702505:   9f f9 ff ff 76 34 48 8d 15 e4 df 6d 00 be 60 06
0x00007fdfe9702515:   00 00 4c 89 45 b8 4c 89 55 c0 48 89 7d c8 e8 f8
0x00007fdfe9702525:   ef bd ff 48 8b 7d c8 4c 8b 45 b8 4c 8d 0d 29 41
0x00007fdfe9702535:   a3 00 4c 8b 55 c0 48 8b 47 18 48 8d 90 60 06 00
0x00007fdfe9702545:   00 48 3b 57 20 77 44 48 89 57 18 48 8d 70 20 48
0x00007fdfe9702555:   83 e6 e0 48 8d 96 40 06 00 00 48 89 f0 66 0f 1f
0x00007fdfe9702565:   44 00 00 48 89 18 48 89 c3 48 8d 40 20 48 39 d0
0x00007fdfe9702575:   75 f1 48 8d 9e 20 06 00 00 49 89 9a 88 08 00 00
0x00007fdfe9702585:   e9 f2 fe ff ff 66 0f 1f 44 00 00 31 d2 be 60 06 


Stack slot to memory mapping:
stack at sp + 0 slots: 0x00007fdf88000b98 points into unknown readable memory: 00 68 30 94 df 7f 00 00
stack at sp + 1 slots: 0x00007fdfe9702b32: <offset 0x0000000000828b32> in /usr/lib/jvm/java-11-openjdk-amd64/lib/server/libjvm.so at 0x00007fdfe8eda000
stack at sp + 2 slots: 0x00007fdf8806be90 points into unknown readable memory: 68 ca 04 ea df 7f 00 00
stack at sp + 3 slots: 0x00007fdf88e655d0 points into unknown readable memory: 26 00 00 00 00 00 80 bf
stack at sp + 4 slots: 0x00007fdfc01514a0 is pointing into the stack for thread: 0x00007fdf94306800
stack at sp + 5 slots: 0x00007fdfea136660: <offset 0x000000000125c660> in /usr/lib/jvm/java-11-openjdk-amd64/lib/server/libjvm.so at 0x00007fdfe8eda000
stack at sp + 6 slots: 0x0000000000000007 is an unknown value
stack at sp + 7 slots: 0x00007fdf941e93b0 points into unknown readable memory: b0 8c 02 ea df 7f 00 00


---------------  P R O C E S S  ---------------

Threads class SMR info:
_java_thread_list=0x00007fdf94307cb0, length=10, elements={
0x00007fdfe4016000, 0x00007fdfe4176000, 0x00007fdfe4180000, 0x00007fdfe4186800,
0x00007fdfe4189000, 0x00007fdfe418b000, 0x00007fdfe418d000, 0x00007fdfe41c5000,
0x00007fdfe41ca000, 0x00007fdf94306800
}

Java Threads: ( => current thread )
  0x00007fdfe4016000 JavaThread "main" [_thread_in_Java, id=29372, stack(0x00007fdfe8a8e000,0x00007fdfe8b8f000)]
  0x00007fdfe4176000 JavaThread "Reference Handler" daemon [_thread_blocked, id=29379, stack(0x00007fdfc0ed0000,0x00007fdfc0fd1000)]
  0x00007fdfe4180000 JavaThread "Finalizer" daemon [_thread_blocked, id=29380, stack(0x00007fdfc0dcf000,0x00007fdfc0ed0000)]
  0x00007fdfe4186800 JavaThread "Signal Dispatcher" daemon [_thread_blocked, id=29381, stack(0x00007fdfc075d000,0x00007fdfc085e000)]
  0x00007fdfe4189000 JavaThread "C2 CompilerThread0" daemon [_thread_in_native, id=29382, stack(0x00007fdfc065c000,0x00007fdfc075d000)]
  0x00007fdfe418b000 JavaThread "C1 CompilerThread0" daemon [_thread_blocked, id=29383, stack(0x00007fdfc055b000,0x00007fdfc065c000)]
  0x00007fdfe418d000 JavaThread "Sweeper thread" daemon [_thread_blocked, id=29384, stack(0x00007fdfc045a000,0x00007fdfc055b000)]
  0x00007fdfe41c5000 JavaThread "Service Thread" daemon [_thread_blocked, id=29385, stack(0x00007fdfc0359000,0x00007fdfc045a000)]
  0x00007fdfe41ca000 JavaThread "Common-Cleaner" daemon [_thread_blocked, id=29387, stack(0x00007fdfc0156000,0x00007fdfc0257000)]
=>0x00007fdf94306800 JavaThread "C2 CompilerThread1" daemon [_thread_in_native, id=29388, stack(0x00007fdfc0055000,0x00007fdfc0156000)]

Other Threads:
  0x00007fdfe4173000 VMThread "VM Thread" [stack: 0x00007fdfc0fd3000,0x00007fdfc10d3000] [id=29378]
  0x00007fdfe41c7800 WatcherThread [stack: 0x00007fdfc0259000,0x00007fdfc0359000] [id=29386]
  0x00007fdfe402e000 GCTaskThread "GC Thread#0" [stack: 0x00007fdfe8732000,0x00007fdfe8832000] [id=29373]
  0x00007fdfb0001000 GCTaskThread "GC Thread#1" [stack: 0x00007fdf83f00000,0x00007fdf84000000] [id=29389]
  0x00007fdfb0002800 GCTaskThread "GC Thread#2" [stack: 0x00007fdf83dfe000,0x00007fdf83efe000] [id=29390]
  0x00007fdfb0040000 GCTaskThread "GC Thread#3" [stack: 0x00007fdf838f8000,0x00007fdf839f8000] [id=29393]
  0x00007fdfe405f000 ConcurrentGCThread "G1 Main Marker" [stack: 0x00007fdfe81ea000,0x00007fdfe82ea000] [id=29374]
  0x00007fdfe4060800 ConcurrentGCThread "G1 Conc#0" [stack: 0x00007fdfe80e8000,0x00007fdfe81e8000] [id=29375]
  0x00007fdfe40d9000 ConcurrentGCThread "G1 Refine#0" [stack: 0x00007fdfc19d7000,0x00007fdfc1ad7000] [id=29376]
  0x00007fdfb8001000 ConcurrentGCThread "G1 Refine#1" [stack: 0x00007fdf83cfc000,0x00007fdf83dfc000] [id=29391]
  0x00007fdf78001000 ConcurrentGCThread "G1 Refine#2" [stack: 0x00007fdf83bfa000,0x00007fdf83cfa000] [id=29392]
  0x00007fdfe40da800 ConcurrentGCThread "G1 Young RemSet Sampling" [stack: 0x00007fdfc18d5000,0x00007fdfc19d5000] [id=29377]

Threads with active compile tasks:
C2 CompilerThread0  13866 2303   !   4       org.mozilla.javascript.gen._home_lasmatriani_Documents_mini_project_custom_training_trainingstorefront_web_webroot_WEB_INF_lib_less_rhino_1_7_3_js_1::_c_anonymous_404 (974 bytes)
C2 CompilerThread1  13866 2312   !   4       org.mozilla.javascript.gen._home_lasmatriani_Documents_mini_project_custom_training_trainingstorefront_web_webroot_WEB_INF_lib_less_rhino_1_7_3_js_1::_c_anonymous_418 (550 bytes)

VM state:not at safepoint (normal execution)

VM Mutex/Monitor currently owned by a thread: None

Heap address: 0x0000000085600000, size: 1962 MB, Compressed Oops mode: 32-bit
Narrow klass base: 0x0000000800000000, Narrow klass shift: 3
Compressed class space size: 1073741824 Address: 0x0000000840000000

Heap:
 garbage-first heap   total 293888K, used 99470K [0x0000000085600000, 0x0000000100000000)
  region size 1024K, 52 young (53248K), 18 survivors (18432K)
 Metaspace       used 7259K, capacity 10329K, committed 10752K, reserved 1058816K
  class space    used 371K, capacity 664K, committed 768K, reserved 1048576K
Heap Regions: E=young(eden), S=young(survivor), O=old, HS=humongous(starts), HC=humongous(continues), CS=collection set, F=free, A=archive, TAMS=top-at-mark-start (previous, next)
|   0|0x0000000085600000, 0x0000000085700000, 0x0000000085700000|100%| O|  |TAMS 0x0000000085600000, 0x0000000085600000| Untracked 
|   1|0x0000000085700000, 0x0000000085800000, 0x0000000085800000|100%| O|  |TAMS 0x0000000085700000, 0x0000000085700000| Untracked 
|   2|0x0000000085800000, 0x0000000085900000, 0x0000000085900000|100%|HS|  |TAMS 0x0000000085800000, 0x0000000085800000| Complete 
|   3|0x0000000085900000, 0x0000000085a00000, 0x0000000085a00000|100%| O|  |TAMS 0x0000000085900000, 0x0000000085900000| Untracked 
|   4|0x0000000085a00000, 0x0000000085b00000, 0x0000000085b00000|100%| O|  |TAMS 0x0000000085a00000, 0x0000000085a00000| Untracked 
|   5|0x0000000085b00000, 0x0000000085c00000, 0x0000000085c00000|100%| O|  |TAMS 0x0000000085b00000, 0x0000000085b00000| Untracked 
|   6|0x0000000085c00000, 0x0000000085d00000, 0x0000000085d00000|100%| O|  |TAMS 0x0000000085c00000, 0x0000000085c00000| Untracked 
|   7|0x0000000085d00000, 0x0000000085e00000, 0x0000000085e00000|100%| O|  |TAMS 0x0000000085d00000, 0x0000000085d00000| Untracked 
|   8|0x0000000085e00000, 0x0000000085f00000, 0x0000000085f00000|100%| O|  |TAMS 0x0000000085e00000, 0x0000000085e00000| Untracked 
|   9|0x0000000085f00000, 0x0000000086000000, 0x0000000086000000|100%| O|  |TAMS 0x0000000085f00000, 0x0000000085f00000| Untracked 
|  10|0x0000000086000000, 0x0000000086100000, 0x0000000086100000|100%| O|  |TAMS 0x0000000086000000, 0x0000000086000000| Untracked 
|  11|0x0000000086100000, 0x0000000086200000, 0x0000000086200000|100%| O|  |TAMS 0x0000000086100000, 0x0000000086100000| Untracked 
|  12|0x0000000086200000, 0x0000000086300000, 0x0000000086300000|100%| O|  |TAMS 0x0000000086200000, 0x0000000086200000| Untracked 
|  13|0x0000000086300000, 0x0000000086400000, 0x0000000086400000|100%| O|  |TAMS 0x0000000086300000, 0x0000000086300000| Untracked 
|  14|0x0000000086400000, 0x0000000086500000, 0x0000000086500000|100%| O|  |TAMS 0x0000000086400000, 0x0000000086400000| Untracked 
|  15|0x0000000086500000, 0x0000000086600000, 0x0000000086600000|100%| O|  |TAMS 0x0000000086500000, 0x0000000086500000| Untracked 
|  16|0x0000000086600000, 0x0000000086700000, 0x0000000086700000|100%| O|  |TAMS 0x0000000086600000, 0x0000000086600000| Untracked 
|  17|0x0000000086700000, 0x0000000086800000, 0x0000000086800000|100%| O|  |TAMS 0x0000000086700000, 0x0000000086700000| Untracked 
|  18|0x0000000086800000, 0x0000000086900000, 0x0000000086900000|100%| O|  |TAMS 0x0000000086800000, 0x0000000086800000| Untracked 
|  19|0x0000000086900000, 0x0000000086a00000, 0x0000000086a00000|100%| O|  |TAMS 0x0000000086900000, 0x0000000086900000| Untracked 
|  20|0x0000000086a00000, 0x0000000086b00000, 0x0000000086b00000|100%| O|  |TAMS 0x0000000086a00000, 0x0000000086a00000| Untracked 
|  21|0x0000000086b00000, 0x0000000086c00000, 0x0000000086c00000|100%| O|  |TAMS 0x0000000086b00000, 0x0000000086b00000| Untracked 
|  22|0x0000000086c00000, 0x0000000086d00000, 0x0000000086d00000|100%| O|  |TAMS 0x0000000086c00000, 0x0000000086c00000| Untracked 
|  23|0x0000000086d00000, 0x0000000086e00000, 0x0000000086e00000|100%| O|  |TAMS 0x0000000086d00000, 0x0000000086d00000| Untracked 
|  24|0x0000000086e00000, 0x0000000086f00000, 0x0000000086f00000|100%| O|  |TAMS 0x0000000086e00000, 0x0000000086e00000| Untracked 
|  25|0x0000000086f00000, 0x0000000087000000, 0x0000000087000000|100%| O|  |TAMS 0x0000000086f00000, 0x0000000086f00000| Untracked 
|  26|0x0000000087000000, 0x0000000087100000, 0x0000000087100000|100%| O|  |TAMS 0x0000000087000000, 0x0000000087000000| Untracked 
|  27|0x0000000087100000, 0x0000000087200000, 0x0000000087200000|100%| O|  |TAMS 0x0000000087100000, 0x0000000087100000| Untracked 
|  28|0x0000000087200000, 0x0000000087300000, 0x0000000087300000|100%| O|  |TAMS 0x0000000087200000, 0x0000000087200000| Untracked 
|  29|0x0000000087300000, 0x0000000087400000, 0x0000000087400000|100%| O|  |TAMS 0x0000000087300000, 0x0000000087300000| Untracked 
|  30|0x0000000087400000, 0x0000000087500000, 0x0000000087500000|100%| O|  |TAMS 0x0000000087400000, 0x0000000087400000| Untracked 
|  31|0x0000000087500000, 0x0000000087600000, 0x0000000087600000|100%| O|  |TAMS 0x0000000087500000, 0x0000000087500000| Untracked 
|  32|0x0000000087600000, 0x0000000087700000, 0x0000000087700000|100%| O|  |TAMS 0x0000000087600000, 0x0000000087600000| Untracked 
|  33|0x0000000087700000, 0x0000000087800000, 0x0000000087800000|100%| O|  |TAMS 0x0000000087700000, 0x0000000087700000| Untracked 
|  34|0x0000000087800000, 0x0000000087900000, 0x0000000087900000|100%| O|  |TAMS 0x0000000087800000, 0x0000000087800000| Untracked 
|  35|0x0000000087900000, 0x0000000087a00000, 0x0000000087a00000|100%| O|  |TAMS 0x0000000087900000, 0x0000000087900000| Untracked 
|  36|0x0000000087a00000, 0x0000000087b00000, 0x0000000087b00000|100%| O|  |TAMS 0x0000000087a00000, 0x0000000087a00000| Untracked 
|  37|0x0000000087b00000, 0x0000000087c00000, 0x0000000087c00000|100%| O|  |TAMS 0x0000000087b00000, 0x0000000087b00000| Untracked 
|  38|0x0000000087c00000, 0x0000000087d00000, 0x0000000087d00000|100%| O|  |TAMS 0x0000000087c00000, 0x0000000087c00000| Untracked 
|  39|0x0000000087d00000, 0x0000000087e00000, 0x0000000087e00000|100%| O|  |TAMS 0x0000000087d00000, 0x0000000087d00000| Untracked 
|  40|0x0000000087e00000, 0x0000000087f00000, 0x0000000087f00000|100%| O|  |TAMS 0x0000000087e00000, 0x0000000087e00000| Untracked 
|  41|0x0000000087f00000, 0x0000000088000000, 0x0000000088000000|100%| O|  |TAMS 0x0000000087f00000, 0x0000000087f00000| Untracked 
|  42|0x0000000088000000, 0x0000000088100000, 0x0000000088100000|100%| O|  |TAMS 0x0000000088000000, 0x0000000088000000| Untracked 
|  43|0x0000000088100000, 0x0000000088200000, 0x0000000088200000|100%| O|  |TAMS 0x0000000088100000, 0x0000000088100000| Untracked 
|  44|0x0000000088200000, 0x0000000088300000, 0x0000000088300000|100%| O|  |TAMS 0x0000000088200000, 0x0000000088200000| Untracked 
|  45|0x0000000088300000, 0x0000000088371800, 0x0000000088400000| 44%| O|  |TAMS 0x0000000088300000, 0x0000000088300000| Untracked 
|  46|0x0000000088400000, 0x0000000088400000, 0x0000000088500000|  0%| F|  |TAMS 0x0000000088400000, 0x0000000088400000| Untracked 
|  47|0x0000000088500000, 0x0000000088500000, 0x0000000088600000|  0%| F|  |TAMS 0x0000000088500000, 0x0000000088500000| Untracked 
|  48|0x0000000088600000, 0x0000000088600000, 0x0000000088700000|  0%| F|  |TAMS 0x0000000088600000, 0x0000000088600000| Untracked 
|  49|0x0000000088700000, 0x0000000088700000, 0x0000000088800000|  0%| F|  |TAMS 0x0000000088700000, 0x0000000088700000| Untracked 
|  50|0x0000000088800000, 0x0000000088800000, 0x0000000088900000|  0%| F|  |TAMS 0x0000000088800000, 0x0000000088800000| Untracked 
|  51|0x0000000088900000, 0x0000000088900000, 0x0000000088a00000|  0%| F|  |TAMS 0x0000000088900000, 0x0000000088900000| Untracked 
|  52|0x0000000088a00000, 0x0000000088a00000, 0x0000000088b00000|  0%| F|  |TAMS 0x0000000088a00000, 0x0000000088a00000| Untracked 
|  53|0x0000000088b00000, 0x0000000088b00000, 0x0000000088c00000|  0%| F|  |TAMS 0x0000000088b00000, 0x0000000088b00000| Untracked 
|  54|0x0000000088c00000, 0x0000000088c00000, 0x0000000088d00000|  0%| F|  |TAMS 0x0000000088c00000, 0x0000000088c00000| Untracked 
|  55|0x0000000088d00000, 0x0000000088d00000, 0x0000000088e00000|  0%| F|  |TAMS 0x0000000088d00000, 0x0000000088d00000| Untracked 
|  56|0x0000000088e00000, 0x0000000088e00000, 0x0000000088f00000|  0%| F|  |TAMS 0x0000000088e00000, 0x0000000088e00000| Untracked 
|  57|0x0000000088f00000, 0x0000000088f00000, 0x0000000089000000|  0%| F|  |TAMS 0x0000000088f00000, 0x0000000088f00000| Untracked 
|  58|0x0000000089000000, 0x0000000089000000, 0x0000000089100000|  0%| F|  |TAMS 0x0000000089000000, 0x0000000089000000| Untracked 
|  59|0x0000000089100000, 0x0000000089100000, 0x0000000089200000|  0%| F|  |TAMS 0x0000000089100000, 0x0000000089100000| Untracked 
|  60|0x0000000089200000, 0x0000000089200000, 0x0000000089300000|  0%| F|  |TAMS 0x0000000089200000, 0x0000000089200000| Untracked 
|  61|0x0000000089300000, 0x0000000089300000, 0x0000000089400000|  0%| F|  |TAMS 0x0000000089300000, 0x0000000089300000| Untracked 
|  62|0x0000000089400000, 0x0000000089400000, 0x0000000089500000|  0%| F|  |TAMS 0x0000000089400000, 0x0000000089400000| Untracked 
|  63|0x0000000089500000, 0x0000000089500000, 0x0000000089600000|  0%| F|  |TAMS 0x0000000089500000, 0x0000000089500000| Untracked 
|  64|0x0000000089600000, 0x0000000089600000, 0x0000000089700000|  0%| F|  |TAMS 0x0000000089600000, 0x0000000089600000| Untracked 
|  65|0x0000000089700000, 0x0000000089700000, 0x0000000089800000|  0%| F|  |TAMS 0x0000000089700000, 0x0000000089700000| Untracked 
|  66|0x0000000089800000, 0x0000000089800000, 0x0000000089900000|  0%| F|  |TAMS 0x0000000089800000, 0x0000000089800000| Untracked 
|  67|0x0000000089900000, 0x0000000089900000, 0x0000000089a00000|  0%| F|  |TAMS 0x0000000089900000, 0x0000000089900000| Untracked 
|  68|0x0000000089a00000, 0x0000000089a00000, 0x0000000089b00000|  0%| F|  |TAMS 0x0000000089a00000, 0x0000000089a00000| Untracked 
|  69|0x0000000089b00000, 0x0000000089b00000, 0x0000000089c00000|  0%| F|  |TAMS 0x0000000089b00000, 0x0000000089b00000| Untracked 
|  70|0x0000000089c00000, 0x0000000089c00000, 0x0000000089d00000|  0%| F|  |TAMS 0x0000000089c00000, 0x0000000089c00000| Untracked 
|  71|0x0000000089d00000, 0x0000000089d00000, 0x0000000089e00000|  0%| F|  |TAMS 0x0000000089d00000, 0x0000000089d00000| Untracked 
|  72|0x0000000089e00000, 0x0000000089e00000, 0x0000000089f00000|  0%| F|  |TAMS 0x0000000089e00000, 0x0000000089e00000| Untracked 
|  73|0x0000000089f00000, 0x0000000089f00000, 0x000000008a000000|  0%| F|  |TAMS 0x0000000089f00000, 0x0000000089f00000| Untracked 
|  74|0x000000008a000000, 0x000000008a000000, 0x000000008a100000|  0%| F|  |TAMS 0x000000008a000000, 0x000000008a000000| Untracked 
|  75|0x000000008a100000, 0x000000008a100000, 0x000000008a200000|  0%| F|  |TAMS 0x000000008a100000, 0x000000008a100000| Untracked 
|  76|0x000000008a200000, 0x000000008a200000, 0x000000008a300000|  0%| F|  |TAMS 0x000000008a200000, 0x000000008a200000| Untracked 
|  77|0x000000008a300000, 0x000000008a300000, 0x000000008a400000|  0%| F|  |TAMS 0x000000008a300000, 0x000000008a300000| Untracked 
|  78|0x000000008a400000, 0x000000008a400000, 0x000000008a500000|  0%| F|  |TAMS 0x000000008a400000, 0x000000008a400000| Untracked 
|  79|0x000000008a500000, 0x000000008a500000, 0x000000008a600000|  0%| F|  |TAMS 0x000000008a500000, 0x000000008a500000| Untracked 
|  80|0x000000008a600000, 0x000000008a600000, 0x000000008a700000|  0%| F|  |TAMS 0x000000008a600000, 0x000000008a600000| Untracked 
|  81|0x000000008a700000, 0x000000008a700000, 0x000000008a800000|  0%| F|  |TAMS 0x000000008a700000, 0x000000008a700000| Untracked 
|  82|0x000000008a800000, 0x000000008a800000, 0x000000008a900000|  0%| F|  |TAMS 0x000000008a800000, 0x000000008a800000| Untracked 
|  83|0x000000008a900000, 0x000000008a900000, 0x000000008aa00000|  0%| F|  |TAMS 0x000000008a900000, 0x000000008a900000| Untracked 
|  84|0x000000008aa00000, 0x000000008aa00000, 0x000000008ab00000|  0%| F|  |TAMS 0x000000008aa00000, 0x000000008aa00000| Untracked 
|  85|0x000000008ab00000, 0x000000008ab00000, 0x000000008ac00000|  0%| F|  |TAMS 0x000000008ab00000, 0x000000008ab00000| Untracked 
|  86|0x000000008ac00000, 0x000000008ac00000, 0x000000008ad00000|  0%| F|  |TAMS 0x000000008ac00000, 0x000000008ac00000| Untracked 
|  87|0x000000008ad00000, 0x000000008ad00000, 0x000000008ae00000|  0%| F|  |TAMS 0x000000008ad00000, 0x000000008ad00000| Untracked 
|  88|0x000000008ae00000, 0x000000008ae00000, 0x000000008af00000|  0%| F|  |TAMS 0x000000008ae00000, 0x000000008ae00000| Untracked 
|  89|0x000000008af00000, 0x000000008af00000, 0x000000008b000000|  0%| F|  |TAMS 0x000000008af00000, 0x000000008af00000| Untracked 
|  90|0x000000008b000000, 0x000000008b000000, 0x000000008b100000|  0%| F|  |TAMS 0x000000008b000000, 0x000000008b000000| Untracked 
|  91|0x000000008b100000, 0x000000008b100000, 0x000000008b200000|  0%| F|  |TAMS 0x000000008b100000, 0x000000008b100000| Untracked 
|  92|0x000000008b200000, 0x000000008b200000, 0x000000008b300000|  0%| F|  |TAMS 0x000000008b200000, 0x000000008b200000| Untracked 
|  93|0x000000008b300000, 0x000000008b300000, 0x000000008b400000|  0%| F|  |TAMS 0x000000008b300000, 0x000000008b300000| Untracked 
|  94|0x000000008b400000, 0x000000008b400000, 0x000000008b500000|  0%| F|  |TAMS 0x000000008b400000, 0x000000008b400000| Untracked 
|  95|0x000000008b500000, 0x000000008b500000, 0x000000008b600000|  0%| F|  |TAMS 0x000000008b500000, 0x000000008b500000| Untracked 
|  96|0x000000008b600000, 0x000000008b600000, 0x000000008b700000|  0%| F|  |TAMS 0x000000008b600000, 0x000000008b600000| Untracked 
|  97|0x000000008b700000, 0x000000008b700000, 0x000000008b800000|  0%| F|  |TAMS 0x000000008b700000, 0x000000008b700000| Untracked 
|  98|0x000000008b800000, 0x000000008b800000, 0x000000008b900000|  0%| F|  |TAMS 0x000000008b800000, 0x000000008b800000| Untracked 
|  99|0x000000008b900000, 0x000000008b900000, 0x000000008ba00000|  0%| F|  |TAMS 0x000000008b900000, 0x000000008b900000| Untracked 
| 100|0x000000008ba00000, 0x000000008ba00000, 0x000000008bb00000|  0%| F|  |TAMS 0x000000008ba00000, 0x000000008ba00000| Untracked 
| 101|0x000000008bb00000, 0x000000008bb00000, 0x000000008bc00000|  0%| F|  |TAMS 0x000000008bb00000, 0x000000008bb00000| Untracked 
| 102|0x000000008bc00000, 0x000000008bc00000, 0x000000008bd00000|  0%| F|  |TAMS 0x000000008bc00000, 0x000000008bc00000| Untracked 
| 103|0x000000008bd00000, 0x000000008bd00000, 0x000000008be00000|  0%| F|  |TAMS 0x000000008bd00000, 0x000000008bd00000| Untracked 
| 104|0x000000008be00000, 0x000000008be00000, 0x000000008bf00000|  0%| F|  |TAMS 0x000000008be00000, 0x000000008be00000| Untracked 
| 105|0x000000008bf00000, 0x000000008bf00000, 0x000000008c000000|  0%| F|  |TAMS 0x000000008bf00000, 0x000000008bf00000| Untracked 
| 106|0x000000008c000000, 0x000000008c000000, 0x000000008c100000|  0%| F|  |TAMS 0x000000008c000000, 0x000000008c000000| Untracked 
| 107|0x000000008c100000, 0x000000008c100000, 0x000000008c200000|  0%| F|  |TAMS 0x000000008c100000, 0x000000008c100000| Untracked 
| 108|0x000000008c200000, 0x000000008c200000, 0x000000008c300000|  0%| F|  |TAMS 0x000000008c200000, 0x000000008c200000| Untracked 
| 109|0x000000008c300000, 0x000000008c300000, 0x000000008c400000|  0%| F|  |TAMS 0x000000008c300000, 0x000000008c300000| Untracked 
| 110|0x000000008c400000, 0x000000008c400000, 0x000000008c500000|  0%| F|  |TAMS 0x000000008c400000, 0x000000008c400000| Untracked 
| 111|0x000000008c500000, 0x000000008c500000, 0x000000008c600000|  0%| F|  |TAMS 0x000000008c500000, 0x000000008c500000| Untracked 
| 112|0x000000008c600000, 0x000000008c600000, 0x000000008c700000|  0%| F|  |TAMS 0x000000008c600000, 0x000000008c600000| Untracked 
| 113|0x000000008c700000, 0x000000008c700000, 0x000000008c800000|  0%| F|  |TAMS 0x000000008c700000, 0x000000008c700000| Untracked 
| 114|0x000000008c800000, 0x000000008c800000, 0x000000008c900000|  0%| F|  |TAMS 0x000000008c800000, 0x000000008c800000| Untracked 
| 115|0x000000008c900000, 0x000000008c900000, 0x000000008ca00000|  0%| F|  |TAMS 0x000000008c900000, 0x000000008c900000| Untracked 
| 116|0x000000008ca00000, 0x000000008ca00000, 0x000000008cb00000|  0%| F|  |TAMS 0x000000008ca00000, 0x000000008ca00000| Untracked 
| 117|0x000000008cb00000, 0x000000008cb00000, 0x000000008cc00000|  0%| F|  |TAMS 0x000000008cb00000, 0x000000008cb00000| Untracked 
| 118|0x000000008cc00000, 0x000000008cc00000, 0x000000008cd00000|  0%| F|  |TAMS 0x000000008cc00000, 0x000000008cc00000| Untracked 
| 119|0x000000008cd00000, 0x000000008cd00000, 0x000000008ce00000|  0%| F|  |TAMS 0x000000008cd00000, 0x000000008cd00000| Untracked 
| 120|0x000000008ce00000, 0x000000008ce00000, 0x000000008cf00000|  0%| F|  |TAMS 0x000000008ce00000, 0x000000008ce00000| Untracked 
| 121|0x000000008cf00000, 0x000000008cf00000, 0x000000008d000000|  0%| F|  |TAMS 0x000000008cf00000, 0x000000008cf00000| Untracked 
| 122|0x000000008d000000, 0x000000008d000000, 0x000000008d100000|  0%| F|  |TAMS 0x000000008d000000, 0x000000008d000000| Untracked 
| 123|0x000000008d100000, 0x000000008d100000, 0x000000008d200000|  0%| F|  |TAMS 0x000000008d100000, 0x000000008d100000| Untracked 
| 124|0x000000008d200000, 0x000000008d200000, 0x000000008d300000|  0%| F|  |TAMS 0x000000008d200000, 0x000000008d200000| Untracked 
| 125|0x000000008d300000, 0x000000008d300000, 0x000000008d400000|  0%| F|  |TAMS 0x000000008d300000, 0x000000008d300000| Untracked 
| 126|0x000000008d400000, 0x000000008d400000, 0x000000008d500000|  0%| F|  |TAMS 0x000000008d400000, 0x000000008d400000| Untracked 
| 127|0x000000008d500000, 0x000000008d500000, 0x000000008d600000|  0%| F|  |TAMS 0x000000008d500000, 0x000000008d500000| Untracked 
| 128|0x000000008d600000, 0x000000008d600000, 0x000000008d700000|  0%| F|  |TAMS 0x000000008d600000, 0x000000008d600000| Untracked 
| 129|0x000000008d700000, 0x000000008d700000, 0x000000008d800000|  0%| F|  |TAMS 0x000000008d700000, 0x000000008d700000| Untracked 
| 130|0x000000008d800000, 0x000000008d800000, 0x000000008d900000|  0%| F|  |TAMS 0x000000008d800000, 0x000000008d800000| Untracked 
| 131|0x000000008d900000, 0x000000008d900000, 0x000000008da00000|  0%| F|  |TAMS 0x000000008d900000, 0x000000008d900000| Untracked 
| 132|0x000000008da00000, 0x000000008da00000, 0x000000008db00000|  0%| F|  |TAMS 0x000000008da00000, 0x000000008da00000| Untracked 
| 133|0x000000008db00000, 0x000000008db00000, 0x000000008dc00000|  0%| F|  |TAMS 0x000000008db00000, 0x000000008db00000| Untracked 
| 134|0x000000008dc00000, 0x000000008dd00000, 0x000000008dd00000|100%| S|CS|TAMS 0x000000008dc00000, 0x000000008dc00000| Complete 
| 135|0x000000008dd00000, 0x000000008de00000, 0x000000008de00000|100%| S|CS|TAMS 0x000000008dd00000, 0x000000008dd00000| Complete 
| 136|0x000000008de00000, 0x000000008df00000, 0x000000008df00000|100%| S|CS|TAMS 0x000000008de00000, 0x000000008de00000| Complete 
| 137|0x000000008df00000, 0x000000008e000000, 0x000000008e000000|100%| S|CS|TAMS 0x000000008df00000, 0x000000008df00000| Complete 
| 138|0x000000008e000000, 0x000000008e100000, 0x000000008e100000|100%| S|CS|TAMS 0x000000008e000000, 0x000000008e000000| Complete 
| 139|0x000000008e100000, 0x000000008e200000, 0x000000008e200000|100%| S|CS|TAMS 0x000000008e100000, 0x000000008e100000| Complete 
| 140|0x000000008e200000, 0x000000008e300000, 0x000000008e300000|100%| S|CS|TAMS 0x000000008e200000, 0x000000008e200000| Complete 
| 141|0x000000008e300000, 0x000000008e400000, 0x000000008e400000|100%| S|CS|TAMS 0x000000008e300000, 0x000000008e300000| Complete 
| 142|0x000000008e400000, 0x000000008e500000, 0x000000008e500000|100%| S|CS|TAMS 0x000000008e400000, 0x000000008e400000| Complete 
| 143|0x000000008e500000, 0x000000008e600000, 0x000000008e600000|100%| S|CS|TAMS 0x000000008e500000, 0x000000008e500000| Complete 
| 144|0x000000008e600000, 0x000000008e700000, 0x000000008e700000|100%| S|CS|TAMS 0x000000008e600000, 0x000000008e600000| Complete 
| 145|0x000000008e700000, 0x000000008e800000, 0x000000008e800000|100%| S|CS|TAMS 0x000000008e700000, 0x000000008e700000| Complete 
| 146|0x000000008e800000, 0x000000008e900000, 0x000000008e900000|100%| S|CS|TAMS 0x000000008e800000, 0x000000008e800000| Complete 
| 147|0x000000008e900000, 0x000000008ea00000, 0x000000008ea00000|100%| S|CS|TAMS 0x000000008e900000, 0x000000008e900000| Complete 
| 148|0x000000008ea00000, 0x000000008eb00000, 0x000000008eb00000|100%| S|CS|TAMS 0x000000008ea00000, 0x000000008ea00000| Complete 
| 149|0x000000008eb00000, 0x000000008ec00000, 0x000000008ec00000|100%| S|CS|TAMS 0x000000008eb00000, 0x000000008eb00000| Complete 
| 150|0x000000008ec00000, 0x000000008ed00000, 0x000000008ed00000|100%| S|CS|TAMS 0x000000008ec00000, 0x000000008ec00000| Complete 
| 151|0x000000008ed00000, 0x000000008ee00000, 0x000000008ee00000|100%| S|CS|TAMS 0x000000008ed00000, 0x000000008ed00000| Complete 
| 152|0x000000008ee00000, 0x000000008ee00000, 0x000000008ef00000|  0%| F|  |TAMS 0x000000008ee00000, 0x000000008ee00000| Untracked 
| 153|0x000000008ef00000, 0x000000008ef00000, 0x000000008f000000|  0%| F|  |TAMS 0x000000008ef00000, 0x000000008ef00000| Untracked 
| 154|0x000000008f000000, 0x000000008f000000, 0x000000008f100000|  0%| F|  |TAMS 0x000000008f000000, 0x000000008f000000| Untracked 
| 155|0x000000008f100000, 0x000000008f100000, 0x000000008f200000|  0%| F|  |TAMS 0x000000008f100000, 0x000000008f100000| Untracked 
| 156|0x000000008f200000, 0x000000008f200000, 0x000000008f300000|  0%| F|  |TAMS 0x000000008f200000, 0x000000008f200000| Untracked 
| 157|0x000000008f300000, 0x000000008f300000, 0x000000008f400000|  0%| F|  |TAMS 0x000000008f300000, 0x000000008f300000| Untracked 
| 158|0x000000008f400000, 0x000000008f400000, 0x000000008f500000|  0%| F|  |TAMS 0x000000008f400000, 0x000000008f400000| Untracked 
| 159|0x000000008f500000, 0x000000008f500000, 0x000000008f600000|  0%| F|  |TAMS 0x000000008f500000, 0x000000008f500000| Untracked 
| 160|0x000000008f600000, 0x000000008f600000, 0x000000008f700000|  0%| F|  |TAMS 0x000000008f600000, 0x000000008f600000| Untracked 
| 161|0x000000008f700000, 0x000000008f700000, 0x000000008f800000|  0%| F|  |TAMS 0x000000008f700000, 0x000000008f700000| Untracked 
| 162|0x000000008f800000, 0x000000008f800000, 0x000000008f900000|  0%| F|  |TAMS 0x000000008f800000, 0x000000008f800000| Untracked 
| 163|0x000000008f900000, 0x000000008f900000, 0x000000008fa00000|  0%| F|  |TAMS 0x000000008f900000, 0x000000008f900000| Untracked 
| 164|0x000000008fa00000, 0x000000008fa00000, 0x000000008fb00000|  0%| F|  |TAMS 0x000000008fa00000, 0x000000008fa00000| Untracked 
| 165|0x000000008fb00000, 0x000000008fb00000, 0x000000008fc00000|  0%| F|  |TAMS 0x000000008fb00000, 0x000000008fb00000| Untracked 
| 166|0x000000008fc00000, 0x000000008fc00000, 0x000000008fd00000|  0%| F|  |TAMS 0x000000008fc00000, 0x000000008fc00000| Untracked 
| 167|0x000000008fd00000, 0x000000008fd00000, 0x000000008fe00000|  0%| F|  |TAMS 0x000000008fd00000, 0x000000008fd00000| Untracked 
| 168|0x000000008fe00000, 0x000000008fe00000, 0x000000008ff00000|  0%| F|  |TAMS 0x000000008fe00000, 0x000000008fe00000| Untracked 
| 169|0x000000008ff00000, 0x000000008ff00000, 0x0000000090000000|  0%| F|  |TAMS 0x000000008ff00000, 0x000000008ff00000| Untracked 
| 170|0x0000000090000000, 0x0000000090000000, 0x0000000090100000|  0%| F|  |TAMS 0x0000000090000000, 0x0000000090000000| Untracked 
| 171|0x0000000090100000, 0x0000000090100000, 0x0000000090200000|  0%| F|  |TAMS 0x0000000090100000, 0x0000000090100000| Untracked 
| 172|0x0000000090200000, 0x0000000090200000, 0x0000000090300000|  0%| F|  |TAMS 0x0000000090200000, 0x0000000090200000| Untracked 
| 173|0x0000000090300000, 0x0000000090300000, 0x0000000090400000|  0%| F|  |TAMS 0x0000000090300000, 0x0000000090300000| Untracked 
| 174|0x0000000090400000, 0x0000000090400000, 0x0000000090500000|  0%| F|  |TAMS 0x0000000090400000, 0x0000000090400000| Untracked 
| 175|0x0000000090500000, 0x0000000090500000, 0x0000000090600000|  0%| F|  |TAMS 0x0000000090500000, 0x0000000090500000| Untracked 
| 176|0x0000000090600000, 0x0000000090600000, 0x0000000090700000|  0%| F|  |TAMS 0x0000000090600000, 0x0000000090600000| Untracked 
| 177|0x0000000090700000, 0x0000000090700000, 0x0000000090800000|  0%| F|  |TAMS 0x0000000090700000, 0x0000000090700000| Untracked 
| 178|0x0000000090800000, 0x0000000090800000, 0x0000000090900000|  0%| F|  |TAMS 0x0000000090800000, 0x0000000090800000| Untracked 
| 179|0x0000000090900000, 0x0000000090900000, 0x0000000090a00000|  0%| F|  |TAMS 0x0000000090900000, 0x0000000090900000| Untracked 
| 180|0x0000000090a00000, 0x0000000090a00000, 0x0000000090b00000|  0%| F|  |TAMS 0x0000000090a00000, 0x0000000090a00000| Untracked 
| 181|0x0000000090b00000, 0x0000000090b00000, 0x0000000090c00000|  0%| F|  |TAMS 0x0000000090b00000, 0x0000000090b00000| Untracked 
| 182|0x0000000090c00000, 0x0000000090c00000, 0x0000000090d00000|  0%| F|  |TAMS 0x0000000090c00000, 0x0000000090c00000| Untracked 
| 183|0x0000000090d00000, 0x0000000090d00000, 0x0000000090e00000|  0%| F|  |TAMS 0x0000000090d00000, 0x0000000090d00000| Untracked 
| 184|0x0000000090e00000, 0x0000000090e00000, 0x0000000090f00000|  0%| F|  |TAMS 0x0000000090e00000, 0x0000000090e00000| Untracked 
| 185|0x0000000090f00000, 0x0000000090f00000, 0x0000000091000000|  0%| F|  |TAMS 0x0000000090f00000, 0x0000000090f00000| Untracked 
| 186|0x0000000091000000, 0x0000000091000000, 0x0000000091100000|  0%| F|  |TAMS 0x0000000091000000, 0x0000000091000000| Untracked 
| 187|0x0000000091100000, 0x0000000091100000, 0x0000000091200000|  0%| F|  |TAMS 0x0000000091100000, 0x0000000091100000| Untracked 
| 188|0x0000000091200000, 0x0000000091200000, 0x0000000091300000|  0%| F|  |TAMS 0x0000000091200000, 0x0000000091200000| Untracked 
| 189|0x0000000091300000, 0x0000000091300000, 0x0000000091400000|  0%| F|  |TAMS 0x0000000091300000, 0x0000000091300000| Untracked 
| 190|0x0000000091400000, 0x0000000091400000, 0x0000000091500000|  0%| F|  |TAMS 0x0000000091400000, 0x0000000091400000| Untracked 
| 191|0x0000000091500000, 0x0000000091500000, 0x0000000091600000|  0%| F|  |TAMS 0x0000000091500000, 0x0000000091500000| Untracked 
| 192|0x0000000091600000, 0x0000000091600000, 0x0000000091700000|  0%| F|  |TAMS 0x0000000091600000, 0x0000000091600000| Untracked 
| 193|0x0000000091700000, 0x0000000091700000, 0x0000000091800000|  0%| F|  |TAMS 0x0000000091700000, 0x0000000091700000| Untracked 
| 194|0x0000000091800000, 0x0000000091800000, 0x0000000091900000|  0%| F|  |TAMS 0x0000000091800000, 0x0000000091800000| Untracked 
| 195|0x0000000091900000, 0x0000000091900000, 0x0000000091a00000|  0%| F|  |TAMS 0x0000000091900000, 0x0000000091900000| Untracked 
| 196|0x0000000091a00000, 0x0000000091a00000, 0x0000000091b00000|  0%| F|  |TAMS 0x0000000091a00000, 0x0000000091a00000| Untracked 
| 197|0x0000000091b00000, 0x0000000091b00000, 0x0000000091c00000|  0%| F|  |TAMS 0x0000000091b00000, 0x0000000091b00000| Untracked 
| 198|0x0000000091c00000, 0x0000000091c00000, 0x0000000091d00000|  0%| F|  |TAMS 0x0000000091c00000, 0x0000000091c00000| Untracked 
| 199|0x0000000091d00000, 0x0000000091d00000, 0x0000000091e00000|  0%| F|  |TAMS 0x0000000091d00000, 0x0000000091d00000| Untracked 
| 200|0x0000000091e00000, 0x0000000091e00000, 0x0000000091f00000|  0%| F|  |TAMS 0x0000000091e00000, 0x0000000091e00000| Untracked 
| 201|0x0000000091f00000, 0x0000000091f00000, 0x0000000092000000|  0%| F|  |TAMS 0x0000000091f00000, 0x0000000091f00000| Untracked 
| 202|0x0000000092000000, 0x0000000092000000, 0x0000000092100000|  0%| F|  |TAMS 0x0000000092000000, 0x0000000092000000| Untracked 
| 203|0x0000000092100000, 0x0000000092100000, 0x0000000092200000|  0%| F|  |TAMS 0x0000000092100000, 0x0000000092100000| Untracked 
| 204|0x0000000092200000, 0x0000000092200000, 0x0000000092300000|  0%| F|  |TAMS 0x0000000092200000, 0x0000000092200000| Untracked 
| 205|0x0000000092300000, 0x0000000092300000, 0x0000000092400000|  0%| F|  |TAMS 0x0000000092300000, 0x0000000092300000| Untracked 
| 206|0x0000000092400000, 0x0000000092400000, 0x0000000092500000|  0%| F|  |TAMS 0x0000000092400000, 0x0000000092400000| Untracked 
| 207|0x0000000092500000, 0x0000000092500000, 0x0000000092600000|  0%| F|  |TAMS 0x0000000092500000, 0x0000000092500000| Untracked 
| 208|0x0000000092600000, 0x0000000092600000, 0x0000000092700000|  0%| F|  |TAMS 0x0000000092600000, 0x0000000092600000| Untracked 
| 209|0x0000000092700000, 0x0000000092700000, 0x0000000092800000|  0%| F|  |TAMS 0x0000000092700000, 0x0000000092700000| Untracked 
| 210|0x0000000092800000, 0x0000000092800000, 0x0000000092900000|  0%| F|  |TAMS 0x0000000092800000, 0x0000000092800000| Untracked 
| 211|0x0000000092900000, 0x0000000092900000, 0x0000000092a00000|  0%| F|  |TAMS 0x0000000092900000, 0x0000000092900000| Untracked 
| 212|0x0000000092a00000, 0x0000000092a00000, 0x0000000092b00000|  0%| F|  |TAMS 0x0000000092a00000, 0x0000000092a00000| Untracked 
| 213|0x0000000092b00000, 0x0000000092b00000, 0x0000000092c00000|  0%| F|  |TAMS 0x0000000092b00000, 0x0000000092b00000| Untracked 
| 214|0x0000000092c00000, 0x0000000092c00000, 0x0000000092d00000|  0%| F|  |TAMS 0x0000000092c00000, 0x0000000092c00000| Untracked 
| 215|0x0000000092d00000, 0x0000000092d00000, 0x0000000092e00000|  0%| F|  |TAMS 0x0000000092d00000, 0x0000000092d00000| Untracked 
| 216|0x0000000092e00000, 0x0000000092e00000, 0x0000000092f00000|  0%| F|  |TAMS 0x0000000092e00000, 0x0000000092e00000| Untracked 
| 217|0x0000000092f00000, 0x0000000092f00000, 0x0000000093000000|  0%| F|  |TAMS 0x0000000092f00000, 0x0000000092f00000| Untracked 
| 218|0x0000000093000000, 0x0000000093000000, 0x0000000093100000|  0%| F|  |TAMS 0x0000000093000000, 0x0000000093000000| Untracked 
| 219|0x0000000093100000, 0x0000000093100000, 0x0000000093200000|  0%| F|  |TAMS 0x0000000093100000, 0x0000000093100000| Untracked 
| 220|0x0000000093200000, 0x0000000093200000, 0x0000000093300000|  0%| F|  |TAMS 0x0000000093200000, 0x0000000093200000| Untracked 
| 221|0x0000000093300000, 0x0000000093300000, 0x0000000093400000|  0%| F|  |TAMS 0x0000000093300000, 0x0000000093300000| Untracked 
| 222|0x0000000093400000, 0x0000000093400000, 0x0000000093500000|  0%| F|  |TAMS 0x0000000093400000, 0x0000000093400000| Untracked 
| 223|0x0000000093500000, 0x0000000093500000, 0x0000000093600000|  0%| F|  |TAMS 0x0000000093500000, 0x0000000093500000| Untracked 
| 224|0x0000000093600000, 0x0000000093600000, 0x0000000093700000|  0%| F|  |TAMS 0x0000000093600000, 0x0000000093600000| Untracked 
| 225|0x0000000093700000, 0x0000000093700000, 0x0000000093800000|  0%| F|  |TAMS 0x0000000093700000, 0x0000000093700000| Untracked 
| 226|0x0000000093800000, 0x0000000093800000, 0x0000000093900000|  0%| F|  |TAMS 0x0000000093800000, 0x0000000093800000| Untracked 
| 227|0x0000000093900000, 0x0000000093900000, 0x0000000093a00000|  0%| F|  |TAMS 0x0000000093900000, 0x0000000093900000| Untracked 
| 228|0x0000000093a00000, 0x0000000093a00000, 0x0000000093b00000|  0%| F|  |TAMS 0x0000000093a00000, 0x0000000093a00000| Untracked 
| 229|0x0000000093b00000, 0x0000000093b00000, 0x0000000093c00000|  0%| F|  |TAMS 0x0000000093b00000, 0x0000000093b00000| Untracked 
| 230|0x0000000093c00000, 0x0000000093c00000, 0x0000000093d00000|  0%| F|  |TAMS 0x0000000093c00000, 0x0000000093c00000| Untracked 
| 231|0x0000000093d00000, 0x0000000093d00000, 0x0000000093e00000|  0%| F|  |TAMS 0x0000000093d00000, 0x0000000093d00000| Untracked 
| 232|0x0000000093e00000, 0x0000000093e00000, 0x0000000093f00000|  0%| F|  |TAMS 0x0000000093e00000, 0x0000000093e00000| Untracked 
| 233|0x0000000093f00000, 0x0000000093f00000, 0x0000000094000000|  0%| F|  |TAMS 0x0000000093f00000, 0x0000000093f00000| Untracked 
| 234|0x0000000094000000, 0x0000000094000000, 0x0000000094100000|  0%| F|  |TAMS 0x0000000094000000, 0x0000000094000000| Untracked 
| 235|0x0000000094100000, 0x0000000094100000, 0x0000000094200000|  0%| F|  |TAMS 0x0000000094100000, 0x0000000094100000| Untracked 
| 236|0x0000000094200000, 0x0000000094200000, 0x0000000094300000|  0%| F|  |TAMS 0x0000000094200000, 0x0000000094200000| Untracked 
| 237|0x0000000094300000, 0x0000000094300000, 0x0000000094400000|  0%| F|  |TAMS 0x0000000094300000, 0x0000000094300000| Untracked 
| 238|0x0000000094400000, 0x0000000094400000, 0x0000000094500000|  0%| F|  |TAMS 0x0000000094400000, 0x0000000094400000| Untracked 
| 239|0x0000000094500000, 0x0000000094500000, 0x0000000094600000|  0%| F|  |TAMS 0x0000000094500000, 0x0000000094500000| Untracked 
| 240|0x0000000094600000, 0x0000000094600000, 0x0000000094700000|  0%| F|  |TAMS 0x0000000094600000, 0x0000000094600000| Untracked 
| 241|0x0000000094700000, 0x0000000094700000, 0x0000000094800000|  0%| F|  |TAMS 0x0000000094700000, 0x0000000094700000| Untracked 
| 242|0x0000000094800000, 0x0000000094800000, 0x0000000094900000|  0%| F|  |TAMS 0x0000000094800000, 0x0000000094800000| Untracked 
| 243|0x0000000094900000, 0x0000000094900000, 0x0000000094a00000|  0%| F|  |TAMS 0x0000000094900000, 0x0000000094900000| Untracked 
| 244|0x0000000094a00000, 0x0000000094a00000, 0x0000000094b00000|  0%| F|  |TAMS 0x0000000094a00000, 0x0000000094a00000| Untracked 
| 245|0x0000000094b00000, 0x0000000094b00000, 0x0000000094c00000|  0%| F|  |TAMS 0x0000000094b00000, 0x0000000094b00000| Untracked 
| 246|0x0000000094c00000, 0x0000000094c00000, 0x0000000094d00000|  0%| F|  |TAMS 0x0000000094c00000, 0x0000000094c00000| Untracked 
| 247|0x0000000094d00000, 0x0000000094d00000, 0x0000000094e00000|  0%| F|  |TAMS 0x0000000094d00000, 0x0000000094d00000| Untracked 
| 248|0x0000000094e00000, 0x0000000094e00000, 0x0000000094f00000|  0%| F|  |TAMS 0x0000000094e00000, 0x0000000094e00000| Untracked 
| 249|0x0000000094f00000, 0x0000000094f00000, 0x0000000095000000|  0%| F|  |TAMS 0x0000000094f00000, 0x0000000094f00000| Untracked 
| 250|0x0000000095000000, 0x0000000095100000, 0x0000000095100000|100%| E|  |TAMS 0x0000000095000000, 0x0000000095000000| Complete 
| 251|0x0000000095100000, 0x0000000095200000, 0x0000000095200000|100%| E|CS|TAMS 0x0000000095100000, 0x0000000095100000| Complete 
| 252|0x0000000095200000, 0x0000000095300000, 0x0000000095300000|100%| E|CS|TAMS 0x0000000095200000, 0x0000000095200000| Complete 
| 253|0x0000000095300000, 0x0000000095400000, 0x0000000095400000|100%| E|CS|TAMS 0x0000000095300000, 0x0000000095300000| Complete 
| 254|0x0000000095400000, 0x0000000095500000, 0x0000000095500000|100%| E|CS|TAMS 0x0000000095400000, 0x0000000095400000| Complete 
| 255|0x0000000095500000, 0x0000000095600000, 0x0000000095600000|100%| E|CS|TAMS 0x0000000095500000, 0x0000000095500000| Complete 
| 256|0x0000000095600000, 0x0000000095700000, 0x0000000095700000|100%| E|CS|TAMS 0x0000000095600000, 0x0000000095600000| Complete 
| 257|0x0000000095700000, 0x0000000095800000, 0x0000000095800000|100%| E|CS|TAMS 0x0000000095700000, 0x0000000095700000| Complete 
| 258|0x0000000095800000, 0x0000000095900000, 0x0000000095900000|100%| E|CS|TAMS 0x0000000095800000, 0x0000000095800000| Complete 
| 259|0x0000000095900000, 0x0000000095a00000, 0x0000000095a00000|100%| E|CS|TAMS 0x0000000095900000, 0x0000000095900000| Complete 
| 260|0x0000000095a00000, 0x0000000095b00000, 0x0000000095b00000|100%| E|CS|TAMS 0x0000000095a00000, 0x0000000095a00000| Complete 
| 261|0x0000000095b00000, 0x0000000095c00000, 0x0000000095c00000|100%| E|CS|TAMS 0x0000000095b00000, 0x0000000095b00000| Complete 
| 262|0x0000000095c00000, 0x0000000095d00000, 0x0000000095d00000|100%| E|CS|TAMS 0x0000000095c00000, 0x0000000095c00000| Complete 
| 263|0x0000000095d00000, 0x0000000095e00000, 0x0000000095e00000|100%| E|CS|TAMS 0x0000000095d00000, 0x0000000095d00000| Complete 
| 264|0x0000000095e00000, 0x0000000095f00000, 0x0000000095f00000|100%| E|CS|TAMS 0x0000000095e00000, 0x0000000095e00000| Complete 
| 265|0x0000000095f00000, 0x0000000096000000, 0x0000000096000000|100%| E|CS|TAMS 0x0000000095f00000, 0x0000000095f00000| Complete 
| 266|0x0000000096000000, 0x0000000096100000, 0x0000000096100000|100%| E|CS|TAMS 0x0000000096000000, 0x0000000096000000| Complete 
| 267|0x0000000096100000, 0x0000000096200000, 0x0000000096200000|100%| E|CS|TAMS 0x0000000096100000, 0x0000000096100000| Complete 
| 268|0x0000000096200000, 0x0000000096300000, 0x0000000096300000|100%| E|CS|TAMS 0x0000000096200000, 0x0000000096200000| Complete 
| 269|0x0000000096300000, 0x0000000096400000, 0x0000000096400000|100%| E|CS|TAMS 0x0000000096300000, 0x0000000096300000| Complete 
| 270|0x0000000096400000, 0x0000000096500000, 0x0000000096500000|100%| E|CS|TAMS 0x0000000096400000, 0x0000000096400000| Complete 
| 271|0x0000000096500000, 0x0000000096600000, 0x0000000096600000|100%| E|CS|TAMS 0x0000000096500000, 0x0000000096500000| Complete 
| 272|0x0000000096600000, 0x0000000096700000, 0x0000000096700000|100%| E|CS|TAMS 0x0000000096600000, 0x0000000096600000| Complete 
| 273|0x0000000096700000, 0x0000000096800000, 0x0000000096800000|100%| E|CS|TAMS 0x0000000096700000, 0x0000000096700000| Complete 
| 274|0x0000000096800000, 0x0000000096900000, 0x0000000096900000|100%| E|CS|TAMS 0x0000000096800000, 0x0000000096800000| Complete 
| 275|0x0000000096900000, 0x0000000096a00000, 0x0000000096a00000|100%| E|CS|TAMS 0x0000000096900000, 0x0000000096900000| Complete 
| 276|0x0000000096a00000, 0x0000000096b00000, 0x0000000096b00000|100%| E|CS|TAMS 0x0000000096a00000, 0x0000000096a00000| Complete 
| 277|0x0000000096b00000, 0x0000000096c00000, 0x0000000096c00000|100%| E|CS|TAMS 0x0000000096b00000, 0x0000000096b00000| Complete 
| 278|0x0000000096c00000, 0x0000000096d00000, 0x0000000096d00000|100%| E|CS|TAMS 0x0000000096c00000, 0x0000000096c00000| Complete 
| 279|0x0000000096d00000, 0x0000000096e00000, 0x0000000096e00000|100%| E|CS|TAMS 0x0000000096d00000, 0x0000000096d00000| Complete 
| 280|0x0000000096e00000, 0x0000000096f00000, 0x0000000096f00000|100%| E|CS|TAMS 0x0000000096e00000, 0x0000000096e00000| Complete 
| 281|0x0000000096f00000, 0x0000000097000000, 0x0000000097000000|100%| E|CS|TAMS 0x0000000096f00000, 0x0000000096f00000| Complete 
| 282|0x0000000097000000, 0x0000000097100000, 0x0000000097100000|100%| E|CS|TAMS 0x0000000097000000, 0x0000000097000000| Complete 
| 283|0x0000000097100000, 0x0000000097200000, 0x0000000097200000|100%| E|CS|TAMS 0x0000000097100000, 0x0000000097100000| Complete 
| 284|0x0000000097200000, 0x0000000097300000, 0x0000000097300000|100%| E|CS|TAMS 0x0000000097200000, 0x0000000097200000| Complete 
|1960|0x00000000ffe00000, 0x00000000ffe47000, 0x00000000fff00000| 27%|OA|  |TAMS 0x00000000ffe00000, 0x00000000ffe00000| Untracked 
|1961|0x00000000fff00000, 0x00000000fff6b000, 0x0000000100000000| 41%|CA|  |TAMS 0x00000000fff00000, 0x00000000fff00000| Untracked 

Card table byte_map: [0x00007fdfcc0ef000,0x00007fdfcc4c4000] _byte_map_base: 0x00007fdfcbcc4000

Marking Bits (Prev, Next): (CMBitMap*) 0x00007fdfe40564e8, (CMBitMap*) 0x00007fdfe4056520
 Prev Bits: [0x00007fdfc5d83000, 0x00007fdfc7c2b000)
 Next Bits: [0x00007fdfc3edb000, 0x00007fdfc5d83000)

Polling page: 0x00007fdfea3b8000

Metaspace:

Usage:
  Non-class:      9,44 MB capacity,     6,73 MB ( 71%) used,     2,71 MB ( 29%) free+waste,     6,75 KB ( <1%) overhead. 
      Class:    664,00 KB capacity,   371,83 KB ( 56%) used,   290,48 KB ( 44%) free+waste,     1,69 KB ( <1%) overhead. 
       Both:     10,09 MB capacity,     7,09 MB ( 70%) used,     2,99 MB ( 30%) free+waste,     8,44 KB ( <1%) overhead. 

Virtual space:
  Non-class space:       10,00 MB reserved,       9,75 MB ( 98%) committed 
      Class space:        1,00 GB reserved,     768,00 KB ( <1%) committed 
             Both:        1,01 GB reserved,      10,50 MB (  1%) committed 

Chunk freelists:
   Non-Class:  159,00 KB
       Class:  8,00 KB
        Both:  167,00 KB

MaxMetaspaceSize: unlimited
CompressedClassSpaceSize: 1,00 GB

CodeHeap 'non-profiled nmethods': size=120032Kb used=2718Kb max_used=2718Kb free=117313Kb
 bounds [0x00007fdfd4361000, 0x00007fdfd4611000, 0x00007fdfdb899000]
CodeHeap 'profiled nmethods': size=120032Kb used=13206Kb max_used=13206Kb free=106825Kb
 bounds [0x00007fdfcce29000, 0x00007fdfcdb19000, 0x00007fdfd4361000]
CodeHeap 'non-nmethods': size=5696Kb used=1082Kb max_used=1139Kb free=4613Kb
 bounds [0x00007fdfcc899000, 0x00007fdfccb09000, 0x00007fdfcce29000]
 total_blobs=2640 nmethods=2249 adapters=303
 compilation: enabled
              stopped_count=0, restarted_count=0
 full_count=0

Compilation events (20 events):
Event: 13,601 Thread 0x00007fdfe418b000 nmethod 2318 0x00007fdfcdaa5390 code [0x00007fdfcdaa55e0, 0x00007fdfcdaa5cb0]
Event: 13,605 Thread 0x00007fdfe418b000 2319       3       org.mozilla.javascript.ConsString::toString (22 bytes)
Event: 13,606 Thread 0x00007fdfe418b000 nmethod 2319 0x00007fdfcdaa6090 code [0x00007fdfcdaa6260, 0x00007fdfcdaa6500]
Event: 13,621 Thread 0x00007fdf94306800 nmethod 2311 0x00007fdfd4606890 code [0x00007fdfd4606ae0, 0x00007fdfd4608368]
Event: 13,621 Thread 0x00007fdf94306800 2312   !   4       org.mozilla.javascript.gen._home_lasmatriani_Documents_mini_project_custom_training_trainingstorefront_web_webroot_WEB_INF_lib_less_rhino_1_7_3_js_1::_c_anonymous_418 (550 bytes)
Event: 13,626 Thread 0x00007fdfe418b000 2321       3       org.mozilla.javascript.NativeArray::js_sort (169 bytes)
Event: 13,628 Thread 0x00007fdfe418b000 nmethod 2321 0x00007fdfcdaa6610 code [0x00007fdfcdaa6980, 0x00007fdfcdaa7e60]
Event: 13,629 Thread 0x00007fdfe418b000 2322       3       org.mozilla.javascript.regexp.RegExpImpl::createRegExp (128 bytes)
Event: 13,630 Thread 0x00007fdfe418b000 nmethod 2322 0x00007fdfcdaa8710 code [0x00007fdfcdaa8960, 0x00007fdfcdaa9260]
Event: 13,630 Thread 0x00007fdfe418b000 2323       3       org.mozilla.javascript.regexp.RegExpImpl::matchOrReplace (336 bytes)
Event: 13,632 Thread 0x00007fdfe418b000 nmethod 2323 0x00007fdfcdaa9510 code [0x00007fdfcdaa9860, 0x00007fdfcdaaad40]
Event: 13,632 Thread 0x00007fdfe418b000 2324   !   3       org.mozilla.javascript.gen._home_lasmatriani_Documents_mini_project_custom_training_trainingstorefront_web_webroot_WEB_INF_lib_less_rhino_1_7_3_js_1::_c_anonymous_205 (175 bytes)
Event: 13,635 Thread 0x00007fdfe418b000 nmethod 2324 0x00007fdfcdaab590 code [0x00007fdfcdaab960, 0x00007fdfcdaad860]
Event: 13,637 Thread 0x00007fdfe418b000 2325       3       org.mozilla.javascript.regexp.RegExpImpl::match_glob (48 bytes)
Event: 13,638 Thread 0x00007fdfe418b000 nmethod 2325 0x00007fdfcdaae490 code [0x00007fdfcdaae6c0, 0x00007fdfcdaaee80]
Event: 13,691 Thread 0x00007fdfe418b000 2327       3       org.mozilla.javascript.gen._home_lasmatriani_Documents_mini_project_custom_training_trainingstorefront_web_webroot_WEB_INF_lib_less_rhino_1_7_3_js_1::_c_anonymous_215 (101 bytes)
Event: 13,694 Thread 0x00007fdfe418b000 nmethod 2327 0x00007fdfcdaaf190 code [0x00007fdfcdaaf6e0, 0x00007fdfcdab1860]
Event: 13,702 Thread 0x00007fdfe418b000 2328       3       org.mozilla.javascript.gen._home_lasmatriani_Documents_mini_project_custom_training_trainingstorefront_web_webroot_WEB_INF_lib_less_rhino_1_7_3_js_1::_c_anonymous_287 (124 bytes)
Event: 13,705 Thread 0x00007fdfe418b000 nmethod 2328 0x00007fdfcdab2690 code [0x00007fdfcdab2ac0, 0x00007fdfcdab44f0]
Event: 13,712 Thread 0x00007fdfe418b000 2330 % !   3       org.mozilla.javascript.gen._home_lasmatriani_Documents_mini_project_custom_training_trainingstorefront_web_webroot_WEB_INF_lib_less_rhino_1_7_3_js_1::_c_anonymous_415 @ 2388 (3398 bytes)

GC Heap History (20 events):
Event: 0,597 GC heap before
{Heap before GC invocations=0 (full 0):
 garbage-first heap   total 129024K, used 19144K [0x0000000085600000, 0x0000000100000000)
  region size 1024K, 14 young (14336K), 0 survivors (0K)
 Metaspace       used 3001K, capacity 6668K, committed 6784K, reserved 1056768K
  class space    used 274K, capacity 584K, committed 640K, reserved 1048576K
}
Event: 0,616 GC heap after
{Heap after GC invocations=1 (full 0):
 garbage-first heap   total 129024K, used 7885K [0x0000000085600000, 0x0000000100000000)
  region size 1024K, 2 young (2048K), 2 survivors (2048K)
 Metaspace       used 3001K, capacity 6668K, committed 6784K, reserved 1056768K
  class space    used 274K, capacity 584K, committed 640K, reserved 1048576K
}
Event: 0,935 GC heap before
{Heap before GC invocations=1 (full 0):
 garbage-first heap   total 129024K, used 13005K [0x0000000085600000, 0x0000000100000000)
  region size 1024K, 8 young (8192K), 2 survivors (2048K)
 Metaspace       used 3519K, capacity 6966K, committed 7040K, reserved 1056768K
  class space    used 305K, capacity 620K, committed 640K, reserved 1048576K
}
Event: 0,960 GC heap after
{Heap after GC invocations=2 (full 0):
 garbage-first heap   total 129024K, used 9747K [0x0000000085600000, 0x0000000100000000)
  region size 1024K, 1 young (1024K), 1 survivors (1024K)
 Metaspace       used 3519K, capacity 6966K, committed 7040K, reserved 1056768K
  class space    used 305K, capacity 620K, committed 640K, reserved 1048576K
}
Event: 1,370 GC heap before
{Heap before GC invocations=2 (full 0):
 garbage-first heap   total 129024K, used 21011K [0x0000000085600000, 0x0000000100000000)
  region size 1024K, 12 young (12288K), 1 survivors (1024K)
 Metaspace       used 3828K, capacity 7230K, committed 7296K, reserved 1056768K
  class space    used 314K, capacity 623K, committed 640K, reserved 1048576K
}
Event: 1,374 GC heap after
{Heap after GC invocations=3 (full 0):
 garbage-first heap   total 129024K, used 10576K [0x0000000085600000, 0x0000000100000000)
  region size 1024K, 2 young (2048K), 2 survivors (2048K)
 Metaspace       used 3828K, capacity 7230K, committed 7296K, reserved 1056768K
  class space    used 314K, capacity 623K, committed 640K, reserved 1048576K
}
Event: 2,322 GC heap before
{Heap before GC invocations=3 (full 0):
 garbage-first heap   total 129024K, used 32080K [0x0000000085600000, 0x0000000100000000)
  region size 1024K, 22 young (22528K), 2 survivors (2048K)
 Metaspace       used 6623K, capacity 9942K, committed 10240K, reserved 1058816K
  class space    used 358K, capacity 663K, committed 768K, reserved 1048576K
}
Event: 2,346 GC heap after
{Heap after GC invocations=4 (full 0):
 garbage-first heap   total 129024K, used 11352K [0x0000000085600000, 0x0000000100000000)
  region size 1024K, 3 young (3072K), 3 survivors (3072K)
 Metaspace       used 6623K, capacity 9942K, committed 10240K, reserved 1058816K
  class space    used 358K, capacity 663K, committed 768K, reserved 1048576K
}
Event: 3,669 GC heap before
{Heap before GC invocations=4 (full 0):
 garbage-first heap   total 129024K, used 77912K [0x0000000085600000, 0x0000000100000000)
  region size 1024K, 68 young (69632K), 3 survivors (3072K)
 Metaspace       used 7024K, capacity 10201K, committed 10496K, reserved 1058816K
  class space    used 366K, capacity 664K, committed 768K, reserved 1048576K
}
Event: 3,701 GC heap after
{Heap after GC invocations=5 (full 0):
 garbage-first heap   total 199680K, used 16742K [0x0000000085600000, 0x0000000100000000)
  region size 1024K, 8 young (8192K), 8 survivors (8192K)
 Metaspace       used 7024K, capacity 10201K, committed 10496K, reserved 1058816K
  class space    used 366K, capacity 664K, committed 768K, reserved 1048576K
}
Event: 5,317 GC heap before
{Heap before GC invocations=5 (full 0):
 garbage-first heap   total 199680K, used 122214K [0x0000000085600000, 0x0000000100000000)
  region size 1024K, 111 young (113664K), 8 survivors (8192K)
 Metaspace       used 7047K, capacity 10201K, committed 10496K, reserved 1058816K
  class space    used 366K, capacity 664K, committed 768K, reserved 1048576K
}
Event: 5,346 GC heap after
{Heap after GC invocations=6 (full 0):
 garbage-first heap   total 199680K, used 24634K [0x0000000085600000, 0x0000000100000000)
  region size 1024K, 14 young (14336K), 14 survivors (14336K)
 Metaspace       used 7047K, capacity 10201K, committed 10496K, reserved 1058816K
  class space    used 366K, capacity 664K, committed 768K, reserved 1048576K
}
Event: 7,560 GC heap before
{Heap before GC invocations=6 (full 0):
 garbage-first heap   total 199680K, used 130106K [0x0000000085600000, 0x0000000100000000)
  region size 1024K, 117 young (119808K), 14 survivors (14336K)
 Metaspace       used 7078K, capacity 10201K, committed 10496K, reserved 1058816K
  class space    used 366K, capacity 664K, committed 768K, reserved 1048576K
}
Event: 7,636 GC heap after
{Heap after GC invocations=7 (full 0):
 garbage-first heap   total 199680K, used 33234K [0x0000000085600000, 0x0000000100000000)
  region size 1024K, 15 young (15360K), 15 survivors (15360K)
 Metaspace       used 7078K, capacity 10201K, committed 10496K, reserved 1058816K
  class space    used 366K, capacity 664K, committed 768K, reserved 1048576K
}
Event: 9,247 GC heap before
{Heap before GC invocations=7 (full 0):
 garbage-first heap   total 199680K, used 137682K [0x0000000085600000, 0x0000000100000000)
  region size 1024K, 117 young (119808K), 15 survivors (15360K)
 Metaspace       used 7172K, capacity 10265K, committed 10752K, reserved 1058816K
  class space    used 371K, capacity 664K, committed 768K, reserved 1048576K
}
Event: 9,284 GC heap after
{Heap after GC invocations=8 (full 0):
 garbage-first heap   total 199680K, used 42696K [0x0000000085600000, 0x0000000100000000)
  region size 1024K, 9 young (9216K), 9 survivors (9216K)
 Metaspace       used 7172K, capacity 10265K, committed 10752K, reserved 1058816K
  class space    used 371K, capacity 664K, committed 768K, reserved 1048576K
}
Event: 11,255 GC heap before
{Heap before GC invocations=8 (full 0):
 garbage-first heap   total 199680K, used 147144K [0x0000000085600000, 0x0000000100000000)
  region size 1024K, 111 young (113664K), 9 survivors (9216K)
 Metaspace       used 7230K, capacity 10265K, committed 10752K, reserved 1058816K
  class space    used 371K, capacity 664K, committed 768K, reserved 1048576K
}
Event: 11,324 GC heap after
{Heap after GC invocations=9 (full 0):
 garbage-first heap   total 293888K, used 51338K [0x0000000085600000, 0x0000000100000000)
  region size 1024K, 9 young (9216K), 9 survivors (9216K)
 Metaspace       used 7230K, capacity 10265K, committed 10752K, reserved 1058816K
  class space    used 371K, capacity 664K, committed 768K, reserved 1048576K
}
Event: 13,412 GC heap before
{Heap before GC invocations=9 (full 0):
 garbage-first heap   total 293888K, used 187530K [0x0000000085600000, 0x0000000100000000)
  region size 1024K, 142 young (145408K), 9 survivors (9216K)
 Metaspace       used 7259K, capacity 10329K, committed 10752K, reserved 1058816K
  class space    used 371K, capacity 664K, committed 768K, reserved 1048576K
}
Event: 13,468 GC heap after
{Heap after GC invocations=10 (full 0):
 garbage-first heap   total 293888K, used 65678K [0x0000000085600000, 0x0000000100000000)
  region size 1024K, 18 young (18432K), 18 survivors (18432K)
 Metaspace       used 7259K, capacity 10329K, committed 10752K, reserved 1058816K
  class space    used 371K, capacity 664K, committed 768K, reserved 1048576K
}

Deoptimization events (20 events):
Event: 12,708 Thread 0x00007fdfe4016000 Uncommon trap: trap_request=0xffffff4d fr.pc=0x00007fdfd459c3b4 relative=0x0000000000002ed4
Event: 12,708 Thread 0x00007fdfe4016000 Uncommon trap: reason=unstable_if action=reinterpret pc=0x00007fdfd459c3b4 method=org.mozilla.javascript.NativeString.execIdCall(Lorg/mozilla/javascript/IdFunctionObject;Lorg/mozilla/javascript/Context;Lorg/mozilla/javascript/Scriptable;Lorg/mozilla/javas
Event: 12,708 Thread 0x00007fdfe4016000 DEOPT PACKING pc=0x00007fdfd459c3b4 sp=0x00007fdfe8b89f20
Event: 12,708 Thread 0x00007fdfe4016000 DEOPT UNPACKING pc=0x00007fdfcc8bf825 sp=0x00007fdfe8b89ea8 mode 2
Event: 13,326 Thread 0x00007fdfe4016000 Uncommon trap: trap_request=0xffffff4d fr.pc=0x00007fdfd459644c relative=0x000000000000138c
Event: 13,326 Thread 0x00007fdfe4016000 Uncommon trap: reason=unstable_if action=reinterpret pc=0x00007fdfd459644c method=org.mozilla.javascript.NativeArray.js_concat(Lorg/mozilla/javascript/Context;Lorg/mozilla/javascript/Scriptable;Lorg/mozilla/javascript/Scriptable;[Ljava/lang/Object;)Lorg/m
Event: 13,326 Thread 0x00007fdfe4016000 DEOPT PACKING pc=0x00007fdfd459644c sp=0x00007fdfe8b88b50
Event: 13,326 Thread 0x00007fdfe4016000 DEOPT UNPACKING pc=0x00007fdfcc8bf825 sp=0x00007fdfe8b88b10 mode 2
Event: 13,369 Thread 0x00007fdfe4016000 Uncommon trap: trap_request=0xffffff4d fr.pc=0x00007fdfd4498368 relative=0x00000000000002c8
Event: 13,369 Thread 0x00007fdfe4016000 Uncommon trap: reason=unstable_if action=reinterpret pc=0x00007fdfd4498368 method=org.mozilla.javascript.ScriptRuntime.nameIncrDecr(Lorg/mozilla/javascript/Scriptable;Ljava/lang/String;Lorg/mozilla/javascript/Context;I)Ljava/lang/Object; @ 68 c2
Event: 13,369 Thread 0x00007fdfe4016000 DEOPT PACKING pc=0x00007fdfd4498368 sp=0x00007fdfe8b8b5b0
Event: 13,369 Thread 0x00007fdfe4016000 DEOPT UNPACKING pc=0x00007fdfcc8bf825 sp=0x00007fdfe8b8b588 mode 2
Event: 13,369 Thread 0x00007fdfe4016000 Uncommon trap: trap_request=0xffffff4d fr.pc=0x00007fdfd45b70ac relative=0x0000000000003fcc
Event: 13,369 Thread 0x00007fdfe4016000 Uncommon trap: reason=unstable_if action=reinterpret pc=0x00007fdfd45b70ac method=org.mozilla.javascript.gen._home_lasmatriani_Documents_mini_project_custom_training_trainingstorefront_web_webroot_WEB_INF_lib_less_rhino_1_7_3_js_1._c_anonymous_415(Lorg/mo
Event: 13,369 Thread 0x00007fdfe4016000 DEOPT PACKING pc=0x00007fdfd45b70ac sp=0x00007fdfe8b8bc60
Event: 13,369 Thread 0x00007fdfe4016000 DEOPT UNPACKING pc=0x00007fdfcc8bf825 sp=0x00007fdfe8b8bc50 mode 2
Event: 13,369 Thread 0x00007fdfe4016000 Uncommon trap: trap_request=0xffffff4d fr.pc=0x00007fdfd45b70ac relative=0x0000000000003fcc
Event: 13,369 Thread 0x00007fdfe4016000 Uncommon trap: reason=unstable_if action=reinterpret pc=0x00007fdfd45b70ac method=org.mozilla.javascript.gen._home_lasmatriani_Documents_mini_project_custom_training_trainingstorefront_web_webroot_WEB_INF_lib_less_rhino_1_7_3_js_1._c_anonymous_415(Lorg/mo
Event: 13,369 Thread 0x00007fdfe4016000 DEOPT PACKING pc=0x00007fdfd45b70ac sp=0x00007fdfe8b8bdd0
Event: 13,369 Thread 0x00007fdfe4016000 DEOPT UNPACKING pc=0x00007fdfcc8bf825 sp=0x00007fdfe8b8bdc0 mode 2

Classes redefined (0 events):
No events

Internal exceptions (7 events):
Event: 0,659 Thread 0x00007fdfe4016000 Exception <a 'java/lang/NoSuchMethodError'{0x000000008d168cf0}: 'int java.lang.invoke.DirectMethodHandle$Holder.invokeSpecialIFC(java.lang.Object, java.lang.Object, int)'> (0x000000008d168cf0) thrown at [src/hotspot/share/interpreter/linkResolver.cpp, line 772]
Event: 1,678 Thread 0x00007fdfe4016000 Implicit null exception at 0x00007fdfd437ec56 to 0x00007fdfd437f740
Event: 1,697 Thread 0x00007fdfe4016000 Implicit null exception at 0x00007fdfd43b4f94 to 0x00007fdfd43b904c
Event: 3,911 Thread 0x00007fdfe4016000 Implicit null exception at 0x00007fdfd44219d2 to 0x00007fdfd4423ad4
Event: 3,911 Thread 0x00007fdfe4016000 Implicit null exception at 0x00007fdfd44219d2 to 0x00007fdfd4423ad4
Event: 3,952 Thread 0x00007fdfe4016000 Implicit null exception at 0x00007fdfd44219d2 to 0x00007fdfd4423ad4
Event: 3,952 Thread 0x00007fdfe4016000 Implicit null exception at 0x00007fdfd44219d2 to 0x00007fdfd4423ad4

Events (20 events):
Event: 8,796 loading class org/mozilla/javascript/v8dtoa/FastDtoaBuilder
Event: 8,796 loading class org/mozilla/javascript/v8dtoa/FastDtoaBuilder done
Event: 8,797 loading class org/mozilla/javascript/v8dtoa/DoubleHelper
Event: 8,797 loading class org/mozilla/javascript/v8dtoa/DoubleHelper done
Event: 8,797 loading class org/mozilla/javascript/v8dtoa/DiyFp
Event: 8,797 loading class org/mozilla/javascript/v8dtoa/DiyFp done
Event: 8,798 loading class org/mozilla/javascript/v8dtoa/CachedPowers
Event: 8,798 loading class org/mozilla/javascript/v8dtoa/CachedPowers done
Event: 8,799 loading class org/mozilla/javascript/v8dtoa/CachedPowers$CachedPower
Event: 8,799 loading class org/mozilla/javascript/v8dtoa/CachedPowers$CachedPower done
Event: 8,985 loading class jdk/internal/math/FDBigInteger
Event: 8,985 loading class jdk/internal/math/FDBigInteger done
Event: 9,238 Executing VM operation: G1CollectForAllocation
Event: 9,284 Executing VM operation: G1CollectForAllocation done
Event: 11,255 Executing VM operation: G1CollectForAllocation
Event: 11,324 Executing VM operation: G1CollectForAllocation done
Event: 12,630 loading class org/mozilla/javascript/DToA
Event: 12,630 loading class org/mozilla/javascript/DToA done
Event: 13,412 Executing VM operation: G1CollectForAllocation
Event: 13,468 Executing VM operation: G1CollectForAllocation done


Dynamic libraries:
85600000-97300000 rw-p 00000000 00:00 0 
97300000-ffe00000 ---p 00000000 00:00 0 
ffe00000-ffe47000 rw-p 01111000 08:02 2493566                            /usr/lib/jvm/java-11-openjdk-amd64/lib/server/classes.jsa
ffe47000-fff00000 rw-p 00000000 00:00 0 
fff00000-fff6b000 rw-p 010a6000 08:02 2493566                            /usr/lib/jvm/java-11-openjdk-amd64/lib/server/classes.jsa
fff6b000-100000000 rw-p 00000000 00:00 0 
800000000-800002000 rwxp 00001000 08:02 2493566                          /usr/lib/jvm/java-11-openjdk-amd64/lib/server/classes.jsa
800002000-8003b9000 rw-p 00003000 08:02 2493566                          /usr/lib/jvm/java-11-openjdk-amd64/lib/server/classes.jsa
8003b9000-800a96000 r--p 003ba000 08:02 2493566                          /usr/lib/jvm/java-11-openjdk-amd64/lib/server/classes.jsa
800a96000-800a97000 rw-p 00a97000 08:02 2493566                          /usr/lib/jvm/java-11-openjdk-amd64/lib/server/classes.jsa
800a97000-8010a5000 r--p 00a98000 08:02 2493566                          /usr/lib/jvm/java-11-openjdk-amd64/lib/server/classes.jsa
840000000-8400c0000 rw-p 00000000 00:00 0 
8400c0000-880000000 ---p 00000000 00:00 0 
55e4818a6000-55e4818a7000 r--p 00000000 08:02 2491272                    /usr/lib/jvm/java-11-openjdk-amd64/bin/java
55e4818a7000-55e4818a8000 r-xp 00001000 08:02 2491272                    /usr/lib/jvm/java-11-openjdk-amd64/bin/java
55e4818a8000-55e4818a9000 r--p 00002000 08:02 2491272                    /usr/lib/jvm/java-11-openjdk-amd64/bin/java
55e4818a9000-55e4818aa000 r--p 00002000 08:02 2491272                    /usr/lib/jvm/java-11-openjdk-amd64/bin/java
55e4818aa000-55e4818ab000 rw-p 00003000 08:02 2491272                    /usr/lib/jvm/java-11-openjdk-amd64/bin/java
55e4827ad000-55e4827ce000 rw-p 00000000 00:00 0                          [heap]
7fdf6c000000-7fdf6c021000 rw-p 00000000 00:00 0 
7fdf6c021000-7fdf70000000 ---p 00000000 00:00 0 
7fdf70000000-7fdf70021000 rw-p 00000000 00:00 0 
7fdf70021000-7fdf74000000 ---p 00000000 00:00 0 
7fdf74000000-7fdf74021000 rw-p 00000000 00:00 0 
7fdf74021000-7fdf78000000 ---p 00000000 00:00 0 
7fdf78000000-7fdf78021000 rw-p 00000000 00:00 0 
7fdf78021000-7fdf7c000000 ---p 00000000 00:00 0 
7fdf7c000000-7fdf7c021000 rw-p 00000000 00:00 0 
7fdf7c021000-7fdf80000000 ---p 00000000 00:00 0 
7fdf838f6000-7fdf838f7000 ---p 00000000 00:00 0 
7fdf838f7000-7fdf83bb8000 rw-p 00000000 00:00 0 
7fdf83bb8000-7fdf83bf8000 ---p 00000000 00:00 0 
7fdf83bf8000-7fdf83bf9000 ---p 00000000 00:00 0 
7fdf83bf9000-7fdf83cfa000 rw-p 00000000 00:00 0 
7fdf83cfa000-7fdf83cfb000 ---p 00000000 00:00 0 
7fdf83cfb000-7fdf83dfc000 rw-p 00000000 00:00 0 
7fdf83dfc000-7fdf83dfd000 ---p 00000000 00:00 0 
7fdf83dfd000-7fdf83efe000 rw-p 00000000 00:00 0 
7fdf83efe000-7fdf83eff000 ---p 00000000 00:00 0 
7fdf83eff000-7fdf84000000 rw-p 00000000 00:00 0 
7fdf84000000-7fdf84021000 rw-p 00000000 00:00 0 
7fdf84021000-7fdf88000000 ---p 00000000 00:00 0 
7fdf88000000-7fdf8a6d8000 rw-p 00000000 00:00 0 
7fdf8a6d8000-7fdf8c000000 ---p 00000000 00:00 0 
7fdf8c000000-7fdf8c021000 rw-p 00000000 00:00 0 
7fdf8c021000-7fdf90000000 ---p 00000000 00:00 0 
7fdf90000000-7fdf90021000 rw-p 00000000 00:00 0 
7fdf90021000-7fdf94000000 ---p 00000000 00:00 0 
7fdf94000000-7fdf960b7000 rw-p 00000000 00:00 0 
7fdf960b7000-7fdf98000000 ---p 00000000 00:00 0 
7fdf98000000-7fdf98021000 rw-p 00000000 00:00 0 
7fdf98021000-7fdf9c000000 ---p 00000000 00:00 0 
7fdf9c000000-7fdf9c021000 rw-p 00000000 00:00 0 
7fdf9c021000-7fdfa0000000 ---p 00000000 00:00 0 
7fdfa0000000-7fdfa1fe2000 rw-p 00000000 00:00 0 
7fdfa1fe2000-7fdfa4000000 ---p 00000000 00:00 0 
7fdfa4000000-7fdfa4021000 rw-p 00000000 00:00 0 
7fdfa4021000-7fdfa8000000 ---p 00000000 00:00 0 
7fdfa8000000-7fdfa8021000 rw-p 00000000 00:00 0 
7fdfa8021000-7fdfac000000 ---p 00000000 00:00 0 
7fdfac000000-7fdfac021000 rw-p 00000000 00:00 0 
7fdfac021000-7fdfb0000000 ---p 00000000 00:00 0 
7fdfb0000000-7fdfb0091000 rw-p 00000000 00:00 0 
7fdfb0091000-7fdfb4000000 ---p 00000000 00:00 0 
7fdfb4000000-7fdfb4021000 rw-p 00000000 00:00 0 
7fdfb4021000-7fdfb8000000 ---p 00000000 00:00 0 
7fdfb8000000-7fdfb8021000 rw-p 00000000 00:00 0 
7fdfb8021000-7fdfbc000000 ---p 00000000 00:00 0 
7fdfbc000000-7fdfbc021000 rw-p 00000000 00:00 0 
7fdfbc021000-7fdfc0000000 ---p 00000000 00:00 0 
7fdfc0055000-7fdfc0059000 ---p 00000000 00:00 0 
7fdfc0059000-7fdfc0156000 rw-p 00000000 00:00 0 
7fdfc0156000-7fdfc015a000 ---p 00000000 00:00 0 
7fdfc015a000-7fdfc0257000 rw-p 00000000 00:00 0 
7fdfc0257000-7fdfc0258000 ---p 00000000 00:00 0 
7fdfc0258000-7fdfc0359000 rw-p 00000000 00:00 0 
7fdfc0359000-7fdfc035d000 ---p 00000000 00:00 0 
7fdfc035d000-7fdfc045a000 rw-p 00000000 00:00 0 
7fdfc045a000-7fdfc045e000 ---p 00000000 00:00 0 
7fdfc045e000-7fdfc055b000 rw-p 00000000 00:00 0 
7fdfc055b000-7fdfc055f000 ---p 00000000 00:00 0 
7fdfc055f000-7fdfc065c000 rw-p 00000000 00:00 0 
7fdfc065c000-7fdfc0660000 ---p 00000000 00:00 0 
7fdfc0660000-7fdfc075d000 rw-p 00000000 00:00 0 
7fdfc075d000-7fdfc0761000 ---p 00000000 00:00 0 
7fdfc0761000-7fdfc085e000 rw-p 00000000 00:00 0 
7fdfc085e000-7fdfc0dcf000 r--p 00000000 08:02 2490468                    /usr/lib/locale/locale-archive
7fdfc0dcf000-7fdfc0dd3000 ---p 00000000 00:00 0 
7fdfc0dd3000-7fdfc0ed0000 rw-p 00000000 00:00 0 
7fdfc0ed0000-7fdfc0ed4000 ---p 00000000 00:00 0 
7fdfc0ed4000-7fdfc0fd1000 rw-p 00000000 00:00 0 
7fdfc0fd1000-7fdfc0fd2000 ---p 00000000 00:00 0 
7fdfc0fd2000-7fdfc18d3000 rw-p 00000000 00:00 0 
7fdfc18d3000-7fdfc18d4000 ---p 00000000 00:00 0 
7fdfc18d4000-7fdfc19d5000 rw-p 00000000 00:00 0 
7fdfc19d5000-7fdfc19d6000 ---p 00000000 00:00 0 
7fdfc19d6000-7fdfc434f000 rw-p 00000000 00:00 0 
7fdfc434f000-7fdfc5d7b000 ---p 00000000 00:00 0 
7fdfc5d7b000-7fdfc61f7000 rw-p 00000000 00:00 0 
7fdfc61f7000-7fdfc7c23000 ---p 00000000 00:00 0 
7fdfc7c23000-7fdfc7cba000 rw-p 00000000 00:00 0 
7fdfc7cba000-7fdfc7fff000 ---p 00000000 00:00 0 
7fdfc7fff000-7fdfc8000000 rw-p 00000000 00:00 0 
7fdfc8000000-7fdfc8021000 rw-p 00000000 00:00 0 
7fdfc8021000-7fdfcc000000 ---p 00000000 00:00 0 
7fdfcc0c2000-7fdfcc0c6000 r--p 00000000 08:02 2494348                    /usr/lib/jvm/java-11-openjdk-amd64/lib/libnet.so
7fdfcc0c6000-7fdfcc0d5000 r-xp 00004000 08:02 2494348                    /usr/lib/jvm/java-11-openjdk-amd64/lib/libnet.so
7fdfcc0d5000-7fdfcc0d9000 r--p 00013000 08:02 2494348                    /usr/lib/jvm/java-11-openjdk-amd64/lib/libnet.so
7fdfcc0d9000-7fdfcc0da000 r--p 00016000 08:02 2494348                    /usr/lib/jvm/java-11-openjdk-amd64/lib/libnet.so
7fdfcc0da000-7fdfcc0db000 rw-p 00017000 08:02 2494348                    /usr/lib/jvm/java-11-openjdk-amd64/lib/libnet.so
7fdfcc0db000-7fdfcc0e2000 r--p 00000000 08:02 2494349                    /usr/lib/jvm/java-11-openjdk-amd64/lib/libnio.so
7fdfcc0e2000-7fdfcc0ea000 r-xp 00007000 08:02 2494349                    /usr/lib/jvm/java-11-openjdk-amd64/lib/libnio.so
7fdfcc0ea000-7fdfcc0ed000 r--p 0000f000 08:02 2494349                    /usr/lib/jvm/java-11-openjdk-amd64/lib/libnio.so
7fdfcc0ed000-7fdfcc0ee000 r--p 00011000 08:02 2494349                    /usr/lib/jvm/java-11-openjdk-amd64/lib/libnio.so
7fdfcc0ee000-7fdfcc0ef000 rw-p 00012000 08:02 2494349                    /usr/lib/jvm/java-11-openjdk-amd64/lib/libnio.so
7fdfcc0ef000-7fdfcc17e000 rw-p 00000000 00:00 0 
7fdfcc17e000-7fdfcc4c3000 ---p 00000000 00:00 0 
7fdfcc4c3000-7fdfcc553000 rw-p 00000000 00:00 0 
7fdfcc553000-7fdfcc898000 ---p 00000000 00:00 0 
7fdfcc898000-7fdfcc899000 rw-p 00000000 00:00 0 
7fdfcc899000-7fdfccb09000 rwxp 00000000 00:00 0 
7fdfccb09000-7fdfcce29000 ---p 00000000 00:00 0 
7fdfcce29000-7fdfcdb19000 rwxp 00000000 00:00 0 
7fdfcdb19000-7fdfd4361000 ---p 00000000 00:00 0 
7fdfd4361000-7fdfd4611000 rwxp 00000000 00:00 0 
7fdfd4611000-7fdfdb899000 ---p 00000000 00:00 0 
7fdfdb899000-7fdfe4000000 r--s 00000000 08:02 2494358                    /usr/lib/jvm/java-11-openjdk-amd64/lib/modules
7fdfe4000000-7fdfe473d000 rw-p 00000000 00:00 0 
7fdfe473d000-7fdfe8000000 ---p 00000000 00:00 0 
7fdfe800a000-7fdfe80e6000 rw-p 00000000 00:00 0 
7fdfe80e6000-7fdfe80e7000 ---p 00000000 00:00 0 
7fdfe80e7000-7fdfe81e8000 rw-p 00000000 00:00 0 
7fdfe81e8000-7fdfe81e9000 ---p 00000000 00:00 0 
7fdfe81e9000-7fdfe8730000 rw-p 00000000 00:00 0 
7fdfe8730000-7fdfe8731000 ---p 00000000 00:00 0 
7fdfe8731000-7fdfe8838000 rw-p 00000000 00:00 0 
7fdfe8838000-7fdfe891d000 ---p 00000000 00:00 0 
7fdfe891d000-7fdfe8937000 rw-p 00000000 00:00 0 
7fdfe8937000-7fdfe8a08000 ---p 00000000 00:00 0 
7fdfe8a08000-7fdfe8a0d000 rw-p 00000000 00:00 0 
7fdfe8a0d000-7fdfe8a14000 ---p 00000000 00:00 0 
7fdfe8a14000-7fdfe8a16000 r--p 00000000 08:02 2494357                    /usr/lib/jvm/java-11-openjdk-amd64/lib/libzip.so
7fdfe8a16000-7fdfe8a1a000 r-xp 00002000 08:02 2494357                    /usr/lib/jvm/java-11-openjdk-amd64/lib/libzip.so
7fdfe8a1a000-7fdfe8a1c000 r--p 00006000 08:02 2494357                    /usr/lib/jvm/java-11-openjdk-amd64/lib/libzip.so
7fdfe8a1c000-7fdfe8a1d000 r--p 00007000 08:02 2494357                    /usr/lib/jvm/java-11-openjdk-amd64/lib/libzip.so
7fdfe8a1d000-7fdfe8a1e000 rw-p 00008000 08:02 2494357                    /usr/lib/jvm/java-11-openjdk-amd64/lib/libzip.so
7fdfe8a1e000-7fdfe8a21000 r--p 00000000 08:02 2492543                    /usr/lib/x86_64-linux-gnu/libnss_files-2.31.so
7fdfe8a21000-7fdfe8a28000 r-xp 00003000 08:02 2492543                    /usr/lib/x86_64-linux-gnu/libnss_files-2.31.so
7fdfe8a28000-7fdfe8a2a000 r--p 0000a000 08:02 2492543                    /usr/lib/x86_64-linux-gnu/libnss_files-2.31.so
7fdfe8a2a000-7fdfe8a2b000 r--p 0000b000 08:02 2492543                    /usr/lib/x86_64-linux-gnu/libnss_files-2.31.so
7fdfe8a2b000-7fdfe8a2c000 rw-p 0000c000 08:02 2492543                    /usr/lib/x86_64-linux-gnu/libnss_files-2.31.so
7fdfe8a2c000-7fdfe8a32000 rw-p 00000000 00:00 0 
7fdfe8a3b000-7fdfe8a43000 rw-s 00000000 08:02 28050190                   /tmp/hsperfdata_lasmatriani/29369
7fdfe8a43000-7fdfe8a51000 r--p 00000000 08:02 2494336                    /usr/lib/jvm/java-11-openjdk-amd64/lib/libjava.so
7fdfe8a51000-7fdfe8a67000 r-xp 0000e000 08:02 2494336                    /usr/lib/jvm/java-11-openjdk-amd64/lib/libjava.so
7fdfe8a67000-7fdfe8a6e000 r--p 00024000 08:02 2494336                    /usr/lib/jvm/java-11-openjdk-amd64/lib/libjava.so
7fdfe8a6e000-7fdfe8a6f000 r--p 0002a000 08:02 2494336                    /usr/lib/jvm/java-11-openjdk-amd64/lib/libjava.so
7fdfe8a6f000-7fdfe8a70000 rw-p 0002b000 08:02 2494336                    /usr/lib/jvm/java-11-openjdk-amd64/lib/libjava.so
7fdfe8a70000-7fdfe8a71000 rw-p 00000000 00:00 0 
7fdfe8a71000-7fdfe8a76000 r--p 00000000 08:02 2494356                    /usr/lib/jvm/java-11-openjdk-amd64/lib/libverify.so
7fdfe8a76000-7fdfe8a7d000 r-xp 00005000 08:02 2494356                    /usr/lib/jvm/java-11-openjdk-amd64/lib/libverify.so
7fdfe8a7d000-7fdfe8a7f000 r--p 0000c000 08:02 2494356                    /usr/lib/jvm/java-11-openjdk-amd64/lib/libverify.so
7fdfe8a7f000-7fdfe8a80000 ---p 0000e000 08:02 2494356                    /usr/lib/jvm/java-11-openjdk-amd64/lib/libverify.so
7fdfe8a80000-7fdfe8a82000 r--p 0000e000 08:02 2494356                    /usr/lib/jvm/java-11-openjdk-amd64/lib/libverify.so
7fdfe8a82000-7fdfe8a83000 rw-p 00010000 08:02 2494356                    /usr/lib/jvm/java-11-openjdk-amd64/lib/libverify.so
7fdfe8a83000-7fdfe8a86000 r--p 00000000 08:02 2492554                    /usr/lib/x86_64-linux-gnu/librt-2.31.so
7fdfe8a86000-7fdfe8a8a000 r-xp 00003000 08:02 2492554                    /usr/lib/x86_64-linux-gnu/librt-2.31.so
7fdfe8a8a000-7fdfe8a8b000 r--p 00007000 08:02 2492554                    /usr/lib/x86_64-linux-gnu/librt-2.31.so
7fdfe8a8b000-7fdfe8a8c000 ---p 00008000 08:02 2492554                    /usr/lib/x86_64-linux-gnu/librt-2.31.so
7fdfe8a8c000-7fdfe8a8d000 r--p 00008000 08:02 2492554                    /usr/lib/x86_64-linux-gnu/librt-2.31.so
7fdfe8a8d000-7fdfe8a8e000 rw-p 00009000 08:02 2492554                    /usr/lib/x86_64-linux-gnu/librt-2.31.so
7fdfe8a8e000-7fdfe8a92000 ---p 00000000 00:00 0 
7fdfe8a92000-7fdfe8b8f000 rw-p 00000000 00:00 0 
7fdfe8b8f000-7fdfe8b92000 r--p 00000000 08:02 2492526                    /usr/lib/x86_64-linux-gnu/libgcc_s.so.1
7fdfe8b92000-7fdfe8ba4000 r-xp 00003000 08:02 2492526                    /usr/lib/x86_64-linux-gnu/libgcc_s.so.1
7fdfe8ba4000-7fdfe8ba8000 r--p 00015000 08:02 2492526                    /usr/lib/x86_64-linux-gnu/libgcc_s.so.1
7fdfe8ba8000-7fdfe8ba9000 r--p 00018000 08:02 2492526                    /usr/lib/x86_64-linux-gnu/libgcc_s.so.1
7fdfe8ba9000-7fdfe8baa000 rw-p 00019000 08:02 2492526                    /usr/lib/x86_64-linux-gnu/libgcc_s.so.1
7fdfe8baa000-7fdfe8bb9000 r--p 00000000 08:02 2492537                    /usr/lib/x86_64-linux-gnu/libm-2.31.so
7fdfe8bb9000-7fdfe8c60000 r-xp 0000f000 08:02 2492537                    /usr/lib/x86_64-linux-gnu/libm-2.31.so
7fdfe8c60000-7fdfe8cf7000 r--p 000b6000 08:02 2492537                    /usr/lib/x86_64-linux-gnu/libm-2.31.so
7fdfe8cf7000-7fdfe8cf8000 r--p 0014c000 08:02 2492537                    /usr/lib/x86_64-linux-gnu/libm-2.31.so
7fdfe8cf8000-7fdfe8cf9000 rw-p 0014d000 08:02 2492537                    /usr/lib/x86_64-linux-gnu/libm-2.31.so
7fdfe8cf9000-7fdfe8d8f000 r--p 00000000 08:02 2492529                    /usr/lib/x86_64-linux-gnu/libstdc++.so.6.0.28
7fdfe8d8f000-7fdfe8e7f000 r-xp 00096000 08:02 2492529                    /usr/lib/x86_64-linux-gnu/libstdc++.so.6.0.28
7fdfe8e7f000-7fdfe8ec8000 r--p 00186000 08:02 2492529                    /usr/lib/x86_64-linux-gnu/libstdc++.so.6.0.28
7fdfe8ec8000-7fdfe8ec9000 ---p 001cf000 08:02 2492529                    /usr/lib/x86_64-linux-gnu/libstdc++.so.6.0.28
7fdfe8ec9000-7fdfe8ed4000 r--p 001cf000 08:02 2492529                    /usr/lib/x86_64-linux-gnu/libstdc++.so.6.0.28
7fdfe8ed4000-7fdfe8ed7000 rw-p 001da000 08:02 2492529                    /usr/lib/x86_64-linux-gnu/libstdc++.so.6.0.28
7fdfe8ed7000-7fdfe8eda000 rw-p 00000000 00:00 0 
7fdfe8eda000-7fdfe9153000 r--p 00000000 08:02 2494361                    /usr/lib/jvm/java-11-openjdk-amd64/lib/server/libjvm.so
7fdfe9153000-7fdfe9dd0000 r-xp 00279000 08:02 2494361                    /usr/lib/jvm/java-11-openjdk-amd64/lib/server/libjvm.so
7fdfe9dd0000-7fdfea026000 r--p 00ef6000 08:02 2494361                    /usr/lib/jvm/java-11-openjdk-amd64/lib/server/libjvm.so
7fdfea026000-7fdfea0e7000 r--p 0114b000 08:02 2494361                    /usr/lib/jvm/java-11-openjdk-amd64/lib/server/libjvm.so
7fdfea0e7000-7fdfea122000 rw-p 0120c000 08:02 2494361                    /usr/lib/jvm/java-11-openjdk-amd64/lib/server/libjvm.so
7fdfea122000-7fdfea17b000 rw-p 00000000 00:00 0 
7fdfea17b000-7fdfea182000 r--p 00000000 08:02 2492552                    /usr/lib/x86_64-linux-gnu/libpthread-2.31.so
7fdfea182000-7fdfea193000 r-xp 00007000 08:02 2492552                    /usr/lib/x86_64-linux-gnu/libpthread-2.31.so
7fdfea193000-7fdfea198000 r--p 00018000 08:02 2492552                    /usr/lib/x86_64-linux-gnu/libpthread-2.31.so
7fdfea198000-7fdfea199000 r--p 0001c000 08:02 2492552                    /usr/lib/x86_64-linux-gnu/libpthread-2.31.so
7fdfea199000-7fdfea19a000 rw-p 0001d000 08:02 2492552                    /usr/lib/x86_64-linux-gnu/libpthread-2.31.so
7fdfea19a000-7fdfea19e000 rw-p 00000000 00:00 0 
7fdfea19e000-7fdfea19f000 r--p 00000000 08:02 2492536                    /usr/lib/x86_64-linux-gnu/libdl-2.31.so
7fdfea19f000-7fdfea1a1000 r-xp 00001000 08:02 2492536                    /usr/lib/x86_64-linux-gnu/libdl-2.31.so
7fdfea1a1000-7fdfea1a2000 r--p 00003000 08:02 2492536                    /usr/lib/x86_64-linux-gnu/libdl-2.31.so
7fdfea1a2000-7fdfea1a3000 r--p 00003000 08:02 2492536                    /usr/lib/x86_64-linux-gnu/libdl-2.31.so
7fdfea1a3000-7fdfea1a4000 rw-p 00004000 08:02 2492536                    /usr/lib/x86_64-linux-gnu/libdl-2.31.so
7fdfea1a4000-7fdfea1a6000 r--p 00000000 08:02 2491098                    /usr/lib/x86_64-linux-gnu/libz.so.1.2.11
7fdfea1a6000-7fdfea1b7000 r-xp 00002000 08:02 2491098                    /usr/lib/x86_64-linux-gnu/libz.so.1.2.11
7fdfea1b7000-7fdfea1bd000 r--p 00013000 08:02 2491098                    /usr/lib/x86_64-linux-gnu/libz.so.1.2.11
7fdfea1bd000-7fdfea1be000 ---p 00019000 08:02 2491098                    /usr/lib/x86_64-linux-gnu/libz.so.1.2.11
7fdfea1be000-7fdfea1bf000 r--p 00019000 08:02 2491098                    /usr/lib/x86_64-linux-gnu/libz.so.1.2.11
7fdfea1bf000-7fdfea1c0000 rw-p 0001a000 08:02 2491098                    /usr/lib/x86_64-linux-gnu/libz.so.1.2.11
7fdfea1c0000-7fdfea1e5000 r--p 00000000 08:02 2492535                    /usr/lib/x86_64-linux-gnu/libc-2.31.so
7fdfea1e5000-7fdfea35d000 r-xp 00025000 08:02 2492535                    /usr/lib/x86_64-linux-gnu/libc-2.31.so
7fdfea35d000-7fdfea3a7000 r--p 0019d000 08:02 2492535                    /usr/lib/x86_64-linux-gnu/libc-2.31.so
7fdfea3a7000-7fdfea3a8000 ---p 001e7000 08:02 2492535                    /usr/lib/x86_64-linux-gnu/libc-2.31.so
7fdfea3a8000-7fdfea3ab000 r--p 001e7000 08:02 2492535                    /usr/lib/x86_64-linux-gnu/libc-2.31.so
7fdfea3ab000-7fdfea3ae000 rw-p 001ea000 08:02 2492535                    /usr/lib/x86_64-linux-gnu/libc-2.31.so
7fdfea3ae000-7fdfea3b2000 rw-p 00000000 00:00 0 
7fdfea3b6000-7fdfea3b8000 r--s 0000c000 08:02 3278310                    /usr/share/java/java-atk-wrapper.jar
7fdfea3b8000-7fdfea3b9000 ---p 00000000 00:00 0 
7fdfea3b9000-7fdfea3ba000 r--p 00000000 00:00 0 
7fdfea3ba000-7fdfea3bc000 r--p 00000000 08:02 2494340                    /usr/lib/jvm/java-11-openjdk-amd64/lib/libjimage.so
7fdfea3bc000-7fdfea3bf000 r-xp 00002000 08:02 2494340                    /usr/lib/jvm/java-11-openjdk-amd64/lib/libjimage.so
7fdfea3bf000-7fdfea3c0000 r--p 00005000 08:02 2494340                    /usr/lib/jvm/java-11-openjdk-amd64/lib/libjimage.so
7fdfea3c0000-7fdfea3c1000 ---p 00006000 08:02 2494340                    /usr/lib/jvm/java-11-openjdk-amd64/lib/libjimage.so
7fdfea3c1000-7fdfea3c2000 r--p 00006000 08:02 2494340                    /usr/lib/jvm/java-11-openjdk-amd64/lib/libjimage.so
7fdfea3c2000-7fdfea3c3000 rw-p 00007000 08:02 2494340                    /usr/lib/jvm/java-11-openjdk-amd64/lib/libjimage.so
7fdfea3c3000-7fdfea3c6000 r--p 00000000 08:02 2494319                    /usr/lib/jvm/java-11-openjdk-amd64/lib/jli/libjli.so
7fdfea3c6000-7fdfea3d0000 r-xp 00003000 08:02 2494319                    /usr/lib/jvm/java-11-openjdk-amd64/lib/jli/libjli.so
7fdfea3d0000-7fdfea3d3000 r--p 0000d000 08:02 2494319                    /usr/lib/jvm/java-11-openjdk-amd64/lib/jli/libjli.so
7fdfea3d3000-7fdfea3d4000 ---p 00010000 08:02 2494319                    /usr/lib/jvm/java-11-openjdk-amd64/lib/jli/libjli.so
7fdfea3d4000-7fdfea3d5000 r--p 00010000 08:02 2494319                    /usr/lib/jvm/java-11-openjdk-amd64/lib/jli/libjli.so
7fdfea3d5000-7fdfea3d6000 rw-p 00011000 08:02 2494319                    /usr/lib/jvm/java-11-openjdk-amd64/lib/jli/libjli.so
7fdfea3d6000-7fdfea3d8000 rw-p 00000000 00:00 0 
7fdfea3d8000-7fdfea3d9000 r--p 00000000 08:02 2492531                    /usr/lib/x86_64-linux-gnu/ld-2.31.so
7fdfea3d9000-7fdfea3fc000 r-xp 00001000 08:02 2492531                    /usr/lib/x86_64-linux-gnu/ld-2.31.so
7fdfea3fc000-7fdfea404000 r--p 00024000 08:02 2492531                    /usr/lib/x86_64-linux-gnu/ld-2.31.so
7fdfea405000-7fdfea406000 r--p 0002c000 08:02 2492531                    /usr/lib/x86_64-linux-gnu/ld-2.31.so
7fdfea406000-7fdfea407000 rw-p 0002d000 08:02 2492531                    /usr/lib/x86_64-linux-gnu/ld-2.31.so
7fdfea407000-7fdfea408000 rw-p 00000000 00:00 0 
7fff9a9fe000-7fff9aa20000 rw-p 00000000 00:00 0                          [stack]
7fff9ab5e000-7fff9ab61000 r--p 00000000 00:00 0                          [vvar]
7fff9ab61000-7fff9ab62000 r-xp 00000000 00:00 0                          [vdso]
ffffffffff600000-ffffffffff601000 --xp 00000000 00:00 0                  [vsyscall]


VM Arguments:
java_command: /home/lasmatriani/Documents/mini-project/custom/training/trainingstorefront/web/webroot/WEB-INF/lib/rhino-1.7.7.jar -f /home/lasmatriani/Documents/mini-project/custom/training/trainingstorefront/web/webroot/WEB-INF/lib/less-rhino-1.7.3.js /home/lasmatriani/Documents/mini-project/custom/training/trainingstorefront/web/webroot/WEB-INF/lib/lessc-rhino-1.7.3.js /home/lasmatriani/Documents/mini-project/custom/training/trainingstorefront/web/webroot/WEB-INF/_ui-src/responsive/themes/lambda/less/style.less /home/lasmatriani/Documents/mini-project/custom/training/trainingstorefront/web/webroot/_ui/responsive/theme-lambda/css/style.css
java_class_path (initial): /home/lasmatriani/Documents/mini-project/custom/training/trainingstorefront/web/webroot/WEB-INF/lib/rhino-1.7.7.jar
Launcher Type: SUN_STANDARD

[Global flags]
     intx CICompilerCount                          = 3                                         {product} {ergonomic}
     uint ConcGCThreads                            = 1                                         {product} {ergonomic}
     uint G1ConcRefinementThreads                  = 4                                         {product} {ergonomic}
   size_t G1HeapRegionSize                         = 1048576                                   {product} {ergonomic}
    uintx GCDrainStackTargetSize                   = 64                                        {product} {ergonomic}
   size_t InitialHeapSize                          = 130023424                                 {product} {ergonomic}
   size_t MarkStackSize                            = 4194304                                   {product} {ergonomic}
   size_t MaxHeapSize                              = 2057306112                                {product} {ergonomic}
   size_t MaxNewSize                               = 1234173952                                {product} {ergonomic}
   size_t MinHeapDeltaBytes                        = 1048576                                   {product} {ergonomic}
    uintx NonNMethodCodeHeapSize                   = 5830732                                {pd product} {ergonomic}
    uintx NonProfiledCodeHeapSize                  = 122913754                              {pd product} {ergonomic}
    uintx ProfiledCodeHeapSize                     = 122913754                              {pd product} {ergonomic}
    uintx ReservedCodeCacheSize                    = 251658240                              {pd product} {ergonomic}
     bool SegmentedCodeCache                       = true                                      {product} {ergonomic}
     bool UseCompressedClassPointers               = true                                 {lp64_product} {ergonomic}
     bool UseCompressedOops                        = true                                 {lp64_product} {ergonomic}
     bool UseG1GC                                  = true                                      {product} {ergonomic}

Logging:
Log output configuration:
 #0: stdout all=warning uptime,level,tags
 #1: stderr all=off uptime,level,tags

Environment Variables:
JAVA_HOME=/usr/lib/jvm/java-11-openjdk-amd64
PATH=/opt/CXCOMM190500P_0-70004140/hybris/bin/platform/apache-ant/bin:/usr/local/sbin:/usr/local/bin:/usr/sbin:/usr/bin:/sbin:/bin:/usr/games:/usr/local/games:/snap/bin
USERNAME=lasmatriani
SHELL=/bin/bash
DISPLAY=:0
LANG=en_US.UTF-8

Signal Handlers:
SIGSEGV: [libjvm.so+0xe824c0], sa_mask[0]=11111111011111111101111111111110, sa_flags=SA_RESTART|SA_SIGINFO
SIGBUS: [libjvm.so+0xe824c0], sa_mask[0]=11111111011111111101111111111110, sa_flags=SA_RESTART|SA_SIGINFO
SIGFPE: [libjvm.so+0xe824c0], sa_mask[0]=11111111011111111101111111111110, sa_flags=SA_RESTART|SA_SIGINFO
SIGPIPE: [libjvm.so+0xbc8ee0], sa_mask[0]=11111111011111111101111111111110, sa_flags=SA_RESTART|SA_SIGINFO
SIGXFSZ: [libjvm.so+0xbc8ee0], sa_mask[0]=11111111011111111101111111111110, sa_flags=SA_RESTART|SA_SIGINFO
SIGILL: [libjvm.so+0xe824c0], sa_mask[0]=11111111011111111101111111111110, sa_flags=SA_RESTART|SA_SIGINFO
SIGUSR2: [libjvm.so+0xbc8d80], sa_mask[0]=00100000000000000000000000000000, sa_flags=SA_RESTART|SA_SIGINFO
SIGHUP: [libjvm.so+0xbc9220], sa_mask[0]=11111111011111111101111111111110, sa_flags=SA_RESTART|SA_SIGINFO
SIGINT: [libjvm.so+0xbc9220], sa_mask[0]=11111111011111111101111111111110, sa_flags=SA_RESTART|SA_SIGINFO
SIGTERM: [libjvm.so+0xbc9220], sa_mask[0]=11111111011111111101111111111110, sa_flags=SA_RESTART|SA_SIGINFO
SIGQUIT: [libjvm.so+0xbc9220], sa_mask[0]=11111111011111111101111111111110, sa_flags=SA_RESTART|SA_SIGINFO


---------------  S Y S T E M  ---------------

OS:DISTRIB_ID=Ubuntu
DISTRIB_RELEASE=20.04
DISTRIB_CODENAME=focal
DISTRIB_DESCRIPTION="Ubuntu 20.04.1 LTS"
uname:Linux 5.4.0-53-generic #59-Ubuntu SMP Wed Oct 21 09:38:44 UTC 2020 x86_64
OS uptime: 0 days 4:53 hours
libc:glibc 2.31 NPTL 2.31 
rlimit (soft/hard): STACK 8192k/infinity , CORE 0k/infinity , NPROC 31158/31158 , NOFILE 1048576/1048576 , AS infinity/infinity , CPU infinity/infinity , DATA infinity/infinity , FSIZE infinity/infinity , MEMLOCK 65536k/65536k
load average:6,11 4,49 3,47

/proc/meminfo:
MemTotal:        8033400 kB
MemFree:         1136312 kB
MemAvailable:    2249872 kB
Buffers:          150820 kB
Cached:          1396764 kB
SwapCached:        44028 kB
Active:          5244380 kB
Inactive:        1156024 kB
Active(anon):    4400004 kB
Inactive(anon):   857088 kB
Active(file):     844376 kB
Inactive(file):   298936 kB
Unevictable:        3816 kB
Mlocked:              48 kB
SwapTotal:       2097148 kB
SwapFree:         986900 kB
Dirty:               352 kB
Writeback:             0 kB
AnonPages:       4843724 kB
Mapped:           505004 kB
Shmem:            404272 kB
KReclaimable:     275080 kB
Slab:             385656 kB
SReclaimable:     275080 kB
SUnreclaim:       110576 kB
KernelStack:       12752 kB
PageTables:        34548 kB
NFS_Unstable:          0 kB
Bounce:                0 kB
WritebackTmp:          0 kB
CommitLimit:     6113848 kB
Committed_AS:   10787004 kB
VmallocTotal:   34359738367 kB
VmallocUsed:       28964 kB
VmallocChunk:          0 kB
Percpu:             2736 kB
HardwareCorrupted:     0 kB
AnonHugePages:         0 kB
ShmemHugePages:        0 kB
ShmemPmdMapped:        0 kB
FileHugePages:         0 kB
FilePmdMapped:         0 kB
CmaTotal:              0 kB
CmaFree:               0 kB
HugePages_Total:       0
HugePages_Free:        0
HugePages_Rsvd:        0
HugePages_Surp:        0
Hugepagesize:       2048 kB
Hugetlb:               0 kB
DirectMap4k:      378312 kB
DirectMap2M:     7890944 kB
DirectMap1G:           0 kB

/sys/kernel/mm/transparent_hugepage/enabled:
always [madvise] never
/sys/kernel/mm/transparent_hugepage/defrag (defrag/compaction efforts parameter):
always defer defer+madvise [madvise] never

/proc/sys/kernel/threads-max (system-wide limit on the number of threads):
62316
/proc/sys/vm/max_map_count (maximum number of memory map areas a process may have):
65530
/proc/sys/kernel/pid_max (system-wide limit on number of process identifiers):
4194304

container (cgroup) information:
container_type: cgroupv1
cpu_cpuset_cpus: 0-3
cpu_memory_nodes: 0
active_processor_count: 4
cpu_quota: -1
cpu_period: 100000
cpu_shares: -1
memory_limit_in_bytes: -1
memory_and_swap_limit_in_bytes: -2
memory_soft_limit_in_bytes: -1
memory_usage_in_bytes: 6698024960
memory_max_usage_in_bytes: 7858335744

Steal ticks since vm start: 0
Steal ticks percentage since vm start:  0,000

CPU:total 4 (initial active 4) (2 cores per cpu, 2 threads per core) family 6 model 69 stepping 1, cmov, cx8, fxsr, mmx, sse, sse2, sse3, ssse3, sse4.1, sse4.2, popcnt, avx, avx2, aes, clmul, erms, lzcnt, ht, tsc, tscinvbit, bmi1, bmi2, fma
CPU Model and flags from /proc/cpuinfo:
model name	: Intel(R) Core(TM) i5-4210U CPU @ 1.70GHz
flags		: fpu vme de pse tsc msr pae mce cx8 apic sep mtrr pge mca cmov pat pse36 clflush dts acpi mmx fxsr sse sse2 ss ht tm pbe syscall nx pdpe1gb rdtscp lm constant_tsc arch_perfmon pebs bts rep_good nopl xtopology nonstop_tsc cpuid aperfmperf pni pclmulqdq dtes64 monitor ds_cpl vmx est tm2 ssse3 sdbg fma cx16 xtpr pdcm pcid sse4_1 sse4_2 movbe popcnt tsc_deadline_timer aes xsave avx f16c rdrand lahf_lm abm cpuid_fault epb invpcid_single pti ssbd ibrs ibpb stibp tpr_shadow vnmi flexpriority ept vpid ept_ad fsgsbase tsc_adjust bmi1 avx2 smep bmi2 erms invpcid xsaveopt dtherm ida arat pln pts md_clear flush_l1d
Online cpus:
0-3
Offline cpus:

BIOS frequency limitation:
<Not Available>
Frequency switch latency (ns):
0
Available cpu frequencies:
<Not Available>
Current governor:
powersave
Core performance/turbo boost:
<Not Available>

Memory: 4k page, physical 8033400k(1136312k free), swap 2097148k(986900k free)

vm_info: OpenJDK 64-Bit Server VM (11.0.9.1+1-Ubuntu-0ubuntu1.20.04) for linux-amd64 JRE (11.0.9.1+1-Ubuntu-0ubuntu1.20.04), built on Nov 10 2020 04:18:42 by "unknown" with gcc 9.3.0

END.
